0 3
1 0
2 1
3 3
4 2
5 3
6 0
7 2
8 1
9 0
10 1
11 2
12 0
13 2
14 1
15 2
16 2
17 1
18 3
19 2
20 2
21 0
22 4
23 2
24 2
25 1
26 2
27 2
28 1
29 2
30 2
31 2
32 2
33 0
34 1
35 2
36 1
37 3
38 2
39 2
40 1
41 1
42 2
43 2
44 1
45 2
46 2
47 2
48 2
49 2
50 3
51 2
52 1
53 1
54 1
55 1
56 1
57 2
58 1
59 1
60 2
61 4
62 0
63 2
64 3
65 2
66 1
67 1
68 3
69 3
70 3
71 1
72 1
73 3
74 2
75 2
76 3
77 2
78 1
79 1
80 1
81 1
82 1
83 3
84 1
85 1
86 2
87 3
88 1
89 1
90 1
91 1
92 1
93 1
94 1
95 1
96 2
97 2
98 1
99 1
100 0
101 2
102 3
103 3
104 2
105 2
106 1
107 3
108 2
109 1
110 1
111 1
112 1
113 2
114 1
115 2
116 3
117 1
118 3
119 2
120 1
121 2
122 1
123 1
124 2
125 1
126 1
127 3
128 3
129 0
130 1
131 3
132 2
133 1
134 1
135 2
136 0
137 1
138 2
139 2
140 2
141 1
142 2
143 2
144 0
145 1
146 3
147 1
148 1
149 1
150 2
151 1
152 1
153 1
154 2
155 1
156 2
157 1
158 4
159 1
160 2
161 1
162 2
163 1
164 1
165 2
166 2
167 0
168 1
169 1
170 1
171 1
172 3
173 0
174 1
175 2
176 1
177 0
178 1
179 3
180 2
181 1
182 3
183 1
184 2
185 0
186 1
187 1
188 1
189 3
190 2
191 0
192 1
193 2
194 3
195 1
196 2
197 2
198 2
199 1
200 1
201 1
202 1
203 1
204 3
205 1
206 4
207 2
208 1
209 1
210 1
211 3
212 1
213 3
214 1
215 1
216 0
217 1
218 2
219 1
220 0
221 3
222 1
223 3
224 1
225 2
226 1
227 4
228 1
229 1
230 1
231 0
232 3
233 1
234 2
235 1
236 2
237 2
238 1
239 3
240 1
241 2
242 1
243 2
244 3
245 1
246 1
247 1
248 2
249 2
250 1
251 1
252 2
253 2
254 3
255 0
256 1
257 2
258 0
259 1
260 1
261 3
262 2
263 1
264 0
265 1
266 2
267 1
268 1
269 1
270 1
271 1
272 2
273 3
274 2
275 3
276 1
277 1
278 3
279 2
280 1
281 2
282 1
283 1
284 3
285 2
286 2
287 2
288 1
289 3
290 1
291 1
292 3
293 2
294 2
295 3
296 3
297 1
298 1
299 0
300 1
301 2
302 2
303 1
304 1
305 3
306 2
307 4
308 1
309 1
310 1
311 0
312 1
313 1
314 1
315 1
316 1
317 1
318 2
319 1
320 2
321 2
322 1
323 1
324 1
325 2
326 2
327 2
328 1
329 1
330 1
331 2
332 3
333 1
334 2
335 2
336 2
337 2
338 1
339 2
340 4
341 1
342 1
343 1
344 2
345 3
346 3
347 0
348 2
349 1
350 2
351 1
352 2
353 3
354 0
355 1
356 0
357 1
358 1
359 1
360 2
361 1
362 2
363 1
364 2
365 1
366 2
367 1
368 1
369 4
370 2
371 1
372 2
373 0
374 0
375 1
376 1
377 1
378 1
379 1
380 2
381 1
382 3
383 0
384 3
385 3
386 1
387 1
388 0
389 2
390 2
391 2
392 2
393 2
394 1
395 2
396 2
397 1
398 0
399 1
400 2
401 1
402 1
403 1
404 1
405 2
406 1
407 2
408 0
409 2
410 3
411 1
412 3
413 1
414 2
415 1
416 3
417 1
418 1
419 2
420 2
421 2
422 1
423 1
424 1
425 1
426 1
427 1
428 2
429 2
430 2
431 1
432 4
433 3
434 0
435 0
436 1
437 2
438 3
439 1
440 1
441 2
442 1
443 1
444 0
445 2
446 2
447 1
448 1
449 1
450 0
451 1
452 1
453 2
454 1
455 1
456 1
457 1
458 2
459 3
460 1
461 4
462 4
463 1
464 1
465 4
466 3
467 3
468 1
469 1
470 1
471 2
472 2
473 0
474 0
475 2
476 3
477 1
478 1
479 1
480 2
481 1
482 2
483 1
484 0
485 1
486 3
487 0
488 2
489 1
490 1
491 1
492 2
493 0
494 0
495 2
496 1
497 1
498 3
499 2
500 1
501 2
502 2
503 0
504 3
505 1
506 3
507 1
508 1
509 1
510 2
511 1
512 1
513 2
514 1
515 1
516 4
517 1
518 2
519 1
520 1
521 3
522 2
523 1
524 1
525 1
526 1
527 1
528 4
529 2
530 1
531 1
532 1
533 3
534 2
535 2
536 1
537 3
538 1
539 3
540 1
541 3
542 0
543 3
544 0
545 1
546 1
547 1
548 1
549 1
550 0
551 2
552 1
553 3
554 1
555 2
556 2
557 1
558 4
559 1
560 2
561 3
562 2
563 2
564 0
565 0
566 2
567 1
568 2
569 1
570 1
571 4
572 3
573 0
574 3
575 1
576 1
577 0
578 3
579 1
580 1
581 1
582 2
583 1
584 3
585 1
586 1
587 1
588 1
589 3
590 2
591 1
592 2
593 1
594 3
595 1
596 2
597 1
598 3
599 1
600 0
601 1
602 1
603 2
604 3
605 1
606 1
607 2
608 2
609 1
610 2
611 4
612 1
613 1
614 2
615 1
616 0
617 0
618 1
619 1
620 2
621 0
622 1
623 3
624 1
625 1
626 3
627 4
628 0
629 2
630 1
631 1
632 4
633 1
634 1
635 3
636 0
637 1
638 1
639 1
640 1
641 2
642 2
643 1
644 1
645 1
646 2
647 3
648 1
649 2
650 1
651 1
652 0
653 1
654 4
655 3
656 2
657 1
658 3
659 1
660 1
661 2
662 1
663 1
664 1
665 3
666 0
667 1
668 4
669 0
670 2
671 1
672 1
673 2
674 1
675 1
676 4
677 1
678 3
679 2
680 3
681 1
682 2
683 0
684 1
685 1
686 1
687 1
688 1
689 1
690 4
691 1
692 3
693 1
694 1
695 1
696 1
697 1
698 2
699 1
700 1
701 0
702 0
703 3
704 1
705 2
706 1
707 1
708 1
709 4
710 1
711 2
712 3
713 3
714 2
715 1
716 1
717 2
718 1
719 1
720 1
721 1
722 1
723 2
724 1
725 2
726 1
727 1
728 3
729 0
730 1
731 1
732 0
733 2
734 1
735 4
736 1
737 3
738 1
739 4
740 2
741 1
742 1
743 0
744 4
745 4
746 1
747 1
748 1
749 1
750 1
751 1
752 2
753 0
754 0
755 3
756 1
757 1
758 3
759 2
760 3
761 0
762 3
763 3
764 2
765 2
766 2
767 0
768 1
769 0
770 1
771 2
772 0
773 0
774 1
775 0
776 1
777 1
778 1
779 3
780 2
781 0
782 4
783 1
784 3
785 1
786 0
787 1
788 1
789 1
790 1
791 3
792 0
793 3
794 1
795 1
796 1
797 1
798 1
799 3
800 0
801 2
802 0
803 1
804 1
805 1
806 2
807 1
808 3
809 3
810 2
811 2
812 1
813 4
814 1
815 3
816 1
817 1
818 4
819 2
820 0
821 3
822 0
823 3
824 1
825 2
826 3
827 3
828 3
829 2
830 1
831 3
832 1
833 3
834 3
835 0
836 3
837 3
838 2
839 3
840 0
841 3
842 1
843 3
844 1
845 1
846 3
847 1
848 3
849 1
850 2
851 2
852 3
853 4
854 0
855 3
856 1
857 3
858 3
859 1
860 3
861 0
862 1
863 1
864 3
865 2
866 1
867 0
868 1
869 3
870 0
871 2
872 3
873 0
874 2
875 0
876 1
877 4
878 2
879 0
880 0
881 0
882 4
883 4
884 0
885 4
886 2
887 3
888 0
889 3
890 2
891 3
892 1
893 3
894 1
895 3
896 0
897 3
898 3
899 1
900 3
901 0
902 0
903 3
904 3
905 2
906 2
907 2
908 2
909 2
910 1
911 2
912 2
913 3
914 0
915 4
916 1
917 2
918 0
919 2
920 2
921 2
922 2
923 2
924 3
925 2
926 1
927 2
928 1
929 2
930 2
931 3
932 1
933 3
934 1
935 0
936 3
937 4
938 2
939 2
940 1
941 0
942 0
943 3
944 4
945 2
946 2
947 0
948 1
949 4
950 4
951 4
952 3
953 1
954 2
955 3
956 2
957 1
958 3
959 4
960 0
961 1
962 1
963 0
964 3
965 4
966 0
967 0
968 2
969 0
970 0
971 2
972 2
973 2
974 2
975 3
976 2
977 2
978 0
979 3
980 0
981 0
982 0
983 0
984 0
985 0
986 0
987 0
988 0
989 0
990 0
991 3
992 3
993 1
994 4
995 3
996 1
997 3
998 4
999 1
1000 2
1001 3
1002 2
1003 2
1004 1
1005 2
1006 3
1007 2
1008 1
1009 4
1010 2
1011 2
1012 0
1013 0
1014 2
1015 2
1016 3
1017 2
1018 0
1019 2
1020 2
1021 2
1022 2
1023 1
1024 2
1025 2
1026 2
1027 2
1028 2
1029 2
1030 3
1031 2
1032 2
1033 2
1034 2
1035 2
1036 2
1037 2
1038 2
1039 2
1040 2
1041 2
1042 2
1043 2
1044 2
1045 2
1046 2
1047 2
1048 3
1049 2
1050 4
1051 2
1052 1
1053 2
1054 2
1055 2
1056 0
1057 2
1058 2
1059 2
1060 2
1061 2
1062 1
1063 2
1064 2
1065 2
1066 2
1067 2
1068 2
1069 2
1070 2
1071 3
1072 3
1073 1
1074 0
1075 2
1076 3
1077 3
1078 0
1079 3
1080 2
1081 0
1082 2
1083 1
1084 0
1085 0
1086 2
1087 0
1088 3
1089 1
1090 0
1091 3
1092 1
1093 0
1094 3
1095 0
1096 0
1097 1
1098 1
1099 1
1100 0
1101 3
1102 1
1103 0
1104 3
1105 0
1106 3
1107 2
1108 2
1109 2
1110 4
1111 0
1112 0
1113 1
1114 0
1115 0
1116 2
1117 1
1118 0
1119 2
1120 2
1121 2
1122 2
1123 2
1124 1
1125 3
1126 2
1127 2
1128 0
1129 2
1130 1
1131 4
1132 1
1133 4
1134 1
1135 2
1136 1
1137 1
1138 0
1139 2
1140 4
1141 2
1142 3
1143 2
1144 2
1145 2
1146 1
1147 3
1148 3
1149 1
1150 2
1151 2
1152 2
1153 2
1154 1
1155 2
1156 3
1157 0
1158 3
1159 2
1160 0
1161 2
1162 2
1163 2
1164 4
1165 0
1166 1
1167 2
1168 0
1169 2
1170 3
1171 2
1172 4
1173 0
1174 2
1175 1
1176 4
1177 4
1178 4
1179 4
1180 4
1181 0
1182 3
1183 4
1184 3
1185 4
1186 3
1187 0
1188 4
1189 4
1190 4
1191 2
1192 1
1193 0
1194 2
1195 2
1196 2
1197 1
1198 1
1199 0
1200 2
1201 2
1202 1
1203 0
1204 0
1205 0
1206 1
1207 0
1208 1
1209 2
1210 2
1211 3
1212 0
1213 3
1214 1
1215 2
1216 1
1217 1
1218 2
1219 2
1220 1
1221 2
1222 3
1223 3
1224 2
1225 1
1226 3
1227 4
1228 0
1229 1
1230 2
1231 2
1232 3
1233 1
1234 1
1235 2
1236 2
1237 3
1238 1
1239 1
1240 0
1241 2
1242 3
1243 2
1244 4
1245 3
1246 3
1247 3
1248 1
1249 1
1250 1
1251 0
1252 0
1253 1
1254 1
1255 1
1256 3
1257 1
1258 1
1259 3
1260 2
1261 0
1262 4
1263 1
1264 0
1265 0
1266 2
1267 1
1268 1
1269 0
1270 3
1271 2
1272 1
1273 0
1274 2
1275 1
1276 1
1277 2
1278 3
1279 3
1280 3
1281 1
1282 1
1283 1
1284 1
1285 1
1286 1
1287 1
1288 1
1289 1
1290 1
1291 2
1292 1
1293 4
1294 2
1295 1
1296 1
1297 1
1298 1
1299 0
1300 1
1301 3
1302 1
1303 1
1304 1
1305 2
1306 1
1307 1
1308 2
1309 1
1310 2
1311 1
1312 1
1313 2
1314 0
1315 2
1316 1
1317 2
1318 1
1319 1
1320 0
1321 2
1322 1
1323 1
1324 1
1325 2
1326 0
1327 2
1328 2
1329 1
1330 2
1331 1
1332 3
1333 3
1334 1
1335 3
1336 1
1337 2
1338 1
1339 3
1340 4
1341 1
1342 3
1343 2
1344 4
1345 1
1346 3
1347 1
1348 1
1349 2
1350 0
1351 2
1352 1
1353 1
1354 1
1355 1
1356 1
1357 1
1358 1
1359 0
1360 1
1361 0
1362 1
1363 1
1364 2
1365 0
1366 1
1367 1
1368 1
1369 0
1370 2
1371 1
1372 1
1373 1
1374 1
1375 0
1376 1
1377 3
1378 1
1379 2
1380 2
1381 1
1382 0
1383 3
1384 1
1385 3
1386 1
1387 2
1388 3
1389 3
1390 1
1391 1
1392 2
1393 3
1394 3
1395 1
1396 1
1397 0
1398 1
1399 3
1400 1
1401 1
1402 0
1403 1
1404 2
1405 1
1406 1
1407 3
1408 2
1409 2
1410 1
1411 0
1412 1
1413 0
1414 3
1415 1
1416 1
1417 3
1418 2
1419 0
1420 1
1421 1
1422 2
1423 1
1424 0
1425 3
1426 2
1427 1
1428 1
1429 1
1430 1
1431 1
1432 0
1433 1
1434 1
1435 0
1436 1
1437 1
1438 2
1439 1
1440 1
1441 1
1442 1
1443 1
1444 2
1445 2
1446 1
1447 1
1448 3
1449 2
1450 2
1451 1
1452 4
1453 1
1454 1
1455 3
1456 1
1457 1
1458 1
1459 2
1460 1
1461 1
1462 1
1463 1
1464 1
1465 2
1466 2
1467 1
1468 1
1469 1
1470 3
1471 1
1472 1
1473 0
1474 1
1475 3
1476 1
1477 2
1478 0
1479 1
1480 1
1481 1
1482 1
1483 1
1484 1
1485 1
1486 3
1487 2
1488 1
1489 1
1490 1
1491 1
1492 0
1493 2
1494 0
1495 0
1496 0
1497 0
1498 1
1499 3
1500 2
1501 2
1502 1
1503 2
1504 1
1505 2
1506 2
1507 1
1508 3
1509 1
1510 2
1511 1
1512 1
1513 1
1514 3
1515 1
1516 1
1517 0
1518 0
1519 1
1520 0
1521 4
1522 3
1523 1
1524 4
1525 1
1526 1
1527 1
1528 1
1529 1
1530 2
1531 2
1532 1
1533 3
1534 3
1535 3
1536 2
1537 3
1538 2
1539 1
1540 1
1541 4
1542 1
1543 1
1544 1
1545 1
1546 1
1547 1
1548 0
1549 1
1550 1
1551 1
1552 2
1553 1
1554 1
1555 1
1556 2
1557 2
1558 1
1559 1
1560 0
1561 0
1562 1
1563 2
1564 1
1565 1
1566 1
1567 2
1568 2
1569 1
1570 2
1571 1
1572 1
1573 3
1574 3
1575 0
1576 0
1577 1
1578 0
1579 1
1580 1
1581 1
1582 3
1583 0
1584 0
1585 1
1586 0
1587 3
1588 0
1589 0
1590 2
1591 0
1592 0
1593 0
1594 1
1595 1
1596 3
1597 0
1598 0
1599 0
1600 1
1601 0
1602 1
1603 0
1604 0
1605 0
1606 2
1607 4
1608 2
1609 1
1610 3
1611 0
1612 3
1613 1
1614 2
1615 1
1616 1
1617 3
1618 1
1619 1
1620 2
1621 1
1622 2
1623 1
1624 1
1625 1
1626 3
1627 0
1628 1
1629 1
1630 1
1631 1
1632 1
1633 1
1634 0
1635 2
1636 4
1637 1
1638 1
1639 1
1640 3
1641 0
1642 3
1643 3
1644 2
1645 1
1646 1
1647 4
1648 1
1649 3
1650 3
1651 1
1652 2
1653 2
1654 2
1655 1
1656 1
1657 1
1658 1
1659 2
1660 1
1661 1
1662 0
1663 3
1664 2
1665 1
1666 2
1667 2
1668 4
1669 0
1670 2
1671 1
1672 1
1673 1
1674 2
1675 1
1676 1
1677 2
1678 1
1679 1
1680 1
1681 1
1682 1
1683 4
1684 1
1685 1
1686 2
1687 1
1688 1
1689 2
1690 3
1691 2
1692 1
1693 1
1694 1
1695 1
1696 1
1697 1
1698 4
1699 2
1700 1
1701 1
1702 1
1703 0
1704 1
1705 2
1706 1
1707 1
1708 2
1709 1
1710 2
1711 1
1712 1
1713 1
1714 3
1715 1
1716 1
1717 1
1718 1
1719 3
1720 3
1721 1
1722 1
1723 0
1724 1
1725 2
1726 4
1727 2
1728 1
1729 1
1730 1
1731 1
1732 2
1733 3
1734 4
1735 1
1736 2
1737 3
1738 2
1739 2
1740 3
1741 3
1742 1
1743 1
1744 3
1745 3
1746 3
1747 1
1748 2
1749 2
1750 2
1751 3
1752 3
1753 2
1754 2
1755 2
1756 2
1757 2
1758 3
1759 2
1760 1
1761 1
1762 2
1763 1
1764 1
1765 3
1766 0
1767 1
1768 2
1769 2
1770 0
1771 1
1772 3
1773 1
1774 3
1775 1
1776 4
1777 1
1778 3
1779 1
1780 1
1781 1
1782 1
1783 3
1784 3
1785 0
1786 2
1787 1
1788 1
1789 0
1790 3
1791 2
1792 1
1793 2
1794 0
1795 1
1796 1
1797 1
1798 1
1799 1
1800 1
1801 1
1802 3
1803 3
1804 3
1805 1
1806 1
1807 1
1808 3
1809 1
1810 1
1811 1
1812 4
1813 2
1814 1
1815 1
1816 2
1817 1
1818 1
1819 2
1820 2
1821 0
1822 1
1823 1
1824 3
1825 1
1826 1
1827 1
1828 1
1829 3
1830 2
1831 2
1832 2
1833 1
1834 3
1835 1
1836 1
1837 1
1838 1
1839 2
1840 3
1841 0
1842 0
1843 1
1844 3
1845 1
1846 1
1847 1
1848 2
1849 2
1850 2
1851 0
1852 1
1853 2
1854 1
1855 1
1856 1
1857 2
1858 0
1859 0
1860 1
1861 3
1862 2
1863 3
1864 0
1865 1
1866 4
1867 3
1868 1
1869 1
1870 2
1871 1
1872 1
1873 1
1874 1
1875 2
1876 4
1877 0
1878 3
1879 1
1880 2
1881 1
1882 2
1883 2
1884 1
1885 1
1886 2
1887 0
1888 3
1889 1
1890 1
1891 1
1892 2
1893 1
1894 2
1895 2
1896 3
1897 1
1898 1
1899 2
1900 0
1901 1
1902 1
1903 2
1904 0
1905 2
1906 1
1907 2
1908 1
1909 1
1910 3
1911 1
1912 3
1913 1
1914 2
1915 2
1916 0
1917 3
1918 3
1919 1
1920 4
1921 4
1922 2
1923 1
1924 1
1925 1
1926 0
1927 1
1928 3
1929 0
1930 1
1931 1
1932 0
1933 3
1934 1
1935 1
1936 1
1937 1
1938 1
1939 1
1940 1
1941 1
1942 1
1943 1
1944 1
1945 2
1946 3
1947 1
1948 4
1949 1
1950 0
1951 1
1952 1
1953 4
1954 2
1955 1
1956 3
1957 1
1958 1
1959 3
1960 3
1961 1
1962 3
1963 1
1964 1
1965 1
1966 3
1967 4
1968 1
1969 2
1970 1
1971 1
1972 1
1973 1
1974 0
1975 1
1976 3
1977 1
1978 1
1979 1
1980 1
1981 1
1982 4
1983 1
1984 2
1985 1
1986 1
1987 1
1988 1
1989 1
1990 3
1991 0
1992 2
1993 1
1994 2
1995 1
1996 1
1997 2
1998 1
1999 1
2000 0
2001 1
2002 1
2003 3
2004 1
2005 4
2006 4
2007 1
2008 1
2009 1
2010 2
2011 4
2012 1
2013 4
2014 3
2015 3
2016 2
2017 4
2018 2
2019 1
2020 3
2021 3
2022 3
2023 0
2024 0
2025 4
2026 4
2027 1
2028 1
2029 2
2030 1
2031 1
2032 3
2033 2
2034 2
2035 2
2036 1
2037 0
2038 2
2039 1
2040 1
2041 2
2042 1
2043 2
2044 1
2045 1
2046 2
2047 3
2048 4
2049 2
2050 4
2051 2
2052 1
2053 2
2054 1
2055 0
2056 1
2057 1
2058 1
2059 1
2060 2
2061 3
2062 1
2063 0
2064 1
2065 2
2066 3
2067 1
2068 3
2069 0
2070 1
2071 2
2072 3
2073 1
2074 3
2075 1
2076 1
2077 0
2078 1
2079 3
2080 0
2081 3
2082 2
2083 1
2084 1
2085 2
2086 2
2087 2
2088 1
2089 1
2090 1
2091 1
2092 1
2093 0
2094 0
2095 0
2096 1
2097 1
2098 2
2099 1
2100 2
2101 2
2102 1
2103 1
2104 1
2105 1
2106 1
2107 1
2108 2
2109 1
2110 4
2111 1
2112 3
2113 3
2114 2
2115 1
2116 4
2117 3
2118 4
2119 1
2120 0
2121 0
2122 1
2123 1
2124 1
2125 1
2126 2
2127 1
2128 2
2129 2
2130 2
2131 4
2132 3
2133 3
2134 4
2135 4
2136 1
2137 1
2138 2
2139 2
2140 1
2141 1
2142 1
2143 0
2144 3
2145 3
2146 1
2147 1
2148 2
2149 1
2150 0
2151 3
2152 3
2153 0
2154 4
2155 1
2156 1
2157 2
2158 1
2159 1
2160 1
2161 4
2162 4
2163 0
2164 4
2165 0
2166 3
2167 4
2168 4
2169 4
2170 3
2171 2
2172 4
2173 3
2174 1
2175 1
2176 2
2177 2
2178 4
2179 4
2180 3
2181 1
2182 1
2183 1
2184 0
2185 1
2186 4
2187 2
2188 4
2189 1
2190 2
2191 2
2192 4
2193 1
2194 4
2195 2
2196 2
2197 1
2198 1
2199 1
2200 2
2201 3
2202 1
2203 2
2204 3
2205 3
2206 3
2207 4
2208 1
2209 2
2210 2
2211 2
2212 1
2213 1
2214 1
2215 2
2216 1
2217 3
2218 3
2219 1
2220 2
2221 3
2222 2
2223 1
2224 0
2225 3
2226 1
2227 1
2228 1
2229 1
2230 1
2231 1
2232 1
2233 2
2234 1
2235 3
2236 3
2237 1
2238 3
2239 1
2240 1
2241 2
2242 2
2243 1
2244 1
2245 2
2246 0
2247 2
2248 2
2249 2
2250 1
2251 3
2252 2
2253 2
2254 1
2255 1
2256 3
2257 2
2258 1
2259 1
2260 1
2261 1
2262 1
2263 1
2264 1
2265 2
2266 3
2267 2
2268 1
2269 3
2270 2
2271 1
2272 2
2273 4
2274 4
2275 4
2276 3
2277 1
2278 1
2279 1
2280 1
2281 1
2282 0
2283 3
2284 1
2285 4
2286 1
2287 0
2288 1
2289 2
2290 0
2291 1
2292 3
2293 1
2294 1
2295 2
2296 1
2297 1
2298 3
2299 1
2300 2
2301 3
2302 1
2303 1
2304 1
2305 2
2306 1
2307 2
2308 3
2309 0
2310 1
2311 2
2312 0
2313 1
2314 2
2315 1
2316 3
2317 1
2318 2
2319 3
2320 3
2321 0
2322 0
2323 1
2324 2
2325 1
2326 2
2327 1
2328 3
2329 1
2330 1
2331 1
2332 3
2333 0
2334 1
2335 1
2336 0
2337 0
2338 2
2339 0
2340 3
2341 1
2342 3
2343 1
2344 3
2345 1
2346 2
2347 2
2348 1
2349 3
2350 3
2351 0
2352 3
2353 3
2354 1
2355 3
2356 0
2357 4
2358 2
2359 2
2360 1
2361 1
2362 4
2363 1
2364 0
2365 1
2366 1
2367 3
2368 0
2369 1
2370 2
2371 3
2372 3
2373 3
2374 1
2375 3
2376 2
2377 2
2378 2
2379 2
2380 2
2381 1
2382 4
2383 4
2384 1
2385 1
2386 1
2387 1
2388 1
2389 0
2390 3
2391 2
2392 0
2393 1
2394 0
2395 4
2396 0
2397 4
2398 3
2399 1
2400 1
2401 3
2402 1
2403 0
2404 0
2405 2
2406 1
2407 3
2408 0
2409 1
2410 2
2411 1
2412 3
2413 2
2414 2
2415 3
2416 4
2417 2
2418 2
2419 1
2420 1
2421 4
2422 1
2423 2
2424 1
2425 1
2426 2
2427 2
2428 0
2429 3
2430 3
2431 0
2432 3
2433 1
2434 2
2435 1
2436 1
2437 3
2438 2
2439 1
2440 2
2441 1
2442 1
2443 2
2444 4
2445 3
2446 2
2447 3
2448 2
2449 3
2450 2
2451 2
2452 2
2453 1
2454 3
2455 3
2456 3
2457 1
2458 1
2459 3
2460 0
2461 1
2462 2
2463 2
2464 2
2465 2
2466 2
2467 2
2468 4
2469 2
2470 1
2471 1
2472 1
2473 0
2474 1
2475 3
2476 2
2477 1
2478 3
2479 1
2480 2
2481 1
2482 2
2483 1
2484 3
2485 1
2486 2
2487 1
2488 1
2489 2
2490 1
2491 0
2492 2
2493 2
2494 0
2495 0
2496 3
2497 1
2498 0
2499 2
2500 2
2501 2
2502 2
2503 2
2504 2
2505 2
2506 2
2507 2
2508 2
2509 4
2510 2
2511 2
2512 2
2513 3
2514 1
2515 1
2516 0
2517 0
2518 1
2519 2
2520 3
2521 2
2522 2
2523 0
2524 1
2525 0
2526 4
2527 3
2528 2
2529 2
2530 2
2531 0
2532 2
2533 2
2534 2
2535 0
2536 1
2537 3
2538 1
2539 2
2540 1
2541 0
2542 0
2543 1
2544 2
2545 1
2546 1
2547 0
2548 1
2549 3
2550 2
2551 2
2552 2
2553 1
2554 2
2555 2
2556 2
2557 4
2558 2
2559 1
2560 2
2561 0
2562 0
2563 1
2564 1
2565 1
2566 2
2567 1
2568 4
2569 1
2570 0
2571 1
2572 0
2573 4
2574 1
2575 4
2576 1
2577 0
2578 0
2579 3
2580 0
2581 3
2582 2
2583 3
2584 3
2585 1
2586 2
2587 2
2588 2
2589 3
2590 4
2591 1
2592 0
2593 3
2594 3
2595 1
2596 1
2597 1
2598 1
2599 0
2600 3
2601 1
2602 2
2603 1
2604 1
2605 0
2606 2
2607 1
2608 2
2609 1
2610 1
2611 2
2612 2
2613 3
2614 0
2615 1
2616 0
2617 2
2618 2
2619 1
2620 3
2621 1
2622 1
2623 0
2624 3
2625 0
2626 2
2627 2
2628 1
2629 1
2630 3
2631 3
2632 1
2633 1
2634 2
2635 2
2636 2
2637 2
2638 1
2639 2
2640 2
2641 1
2642 3
2643 1
2644 1
2645 1
2646 2
2647 1
2648 1
2649 1
2650 1
2651 1
2652 0
2653 1
2654 3
2655 1
2656 1
2657 1
2658 3
2659 1
2660 4
2661 1
2662 1
2663 1
2664 2
2665 3
2666 4
2667 2
2668 0
2669 2
2670 1
2671 2
2672 0
2673 0
2674 3
2675 3
2676 0
2677 2
2678 1
2679 2
2680 1
2681 1
2682 2
2683 1
2684 1
2685 1
2686 3
2687 2
2688 2
2689 2
2690 2
2691 0
2692 1
2693 1
2694 0
2695 1
2696 1
2697 0
2698 3
2699 3
2700 2
2701 3
2702 2
2703 1
2704 0
2705 0
2706 1
2707 1
2708 1
2709 0
2710 1
2711 1
2712 3
2713 3
2714 3
2715 2
2716 0
2717 3
2718 2
2719 0
2720 2
2721 0
2722 2
2723 0
2724 2
2725 3
2726 2
2727 4
2728 0
2729 1
2730 0
2731 0
2732 3
2733 2
2734 1
2735 2
2736 1
2737 2
2738 0
2739 2
2740 2
2741 2
2742 1
2743 1
2744 1
2745 2
2746 2
2747 3
2748 2
2749 2
2750 2
2751 0
2752 1
2753 1
2754 2
2755 1
2756 3
2757 2
2758 1
2759 0
2760 0
2761 3
2762 1
2763 0
2764 1
2765 2
2766 1
2767 3
2768 1
2769 2
2770 3
2771 2
2772 1
2773 1
2774 3
2775 3
2776 3
2777 0
2778 0
2779 3
2780 3
2781 2
2782 0
2783 1
2784 1
2785 0
2786 1
2787 3
2788 0
2789 0
2790 3
2791 3
2792 3
2793 3
2794 0
2795 0
2796 2
2797 0
2798 3
2799 0
2800 0
2801 1
2802 3
2803 1
2804 1
2805 3
2806 0
2807 3
2808 3
2809 2
2810 0
2811 2
2812 3
2813 2
2814 2
2815 2
2816 1
2817 2
2818 2
2819 2
2820 2
2821 0
2822 0
2823 0
2824 0
2825 3
2826 0
2827 0
2828 0
2829 0
2830 0
2831 0
2832 0
2833 0
2834 0
2835 0
2836 0
2837 0
2838 0
2839 3
2840 1
2841 0
2842 0
2843 0
2844 0
2845 0
2846 0
2847 0
2848 0
2849 0
2850 0
2851 2
2852 1
2853 0
2854 0
2855 0
2856 0
2857 3
2858 0
2859 1
2860 1
2861 0
2862 3
2863 0
2864 0
2865 2
2866 2
2867 3
2868 3
2869 3
2870 3
2871 4
2872 3
2873 1
2874 3
2875 3
2876 0
2877 0
2878 2
2879 1
2880 3
2881 1
2882 2
2883 3
2884 0
2885 0
2886 3
2887 1
2888 0
2889 0
2890 3
2891 2
2892 2
2893 1
2894 3
2895 0
2896 3
2897 0
2898 1
2899 0
2900 3
2901 2
2902 3
2903 1
2904 1
2905 2
2906 3
2907 0
2908 3
2909 3
2910 2
2911 2
2912 2
2913 3
2914 3
2915 3
2916 3
2917 3
2918 3
2919 3
2920 3
2921 3
2922 3
2923 3
2924 3
2925 2
2926 2
2927 4
2928 1
2929 2
2930 0
2931 2
2932 0
2933 3
2934 0
2935 3
2936 2
2937 3
2938 2
2939 1
2940 1
2941 2
2942 1
2943 2
2944 3
2945 1
2946 3
2947 3
2948 1
2949 1
2950 1
2951 2
2952 1
2953 1
2954 1
2955 1
2956 3
2957 1
2958 1
2959 2
2960 2
2961 2
2962 1
2963 2
2964 2
2965 2
2966 2
2967 2
2968 2
2969 1
2970 1
2971 4
2972 0
2973 1
2974 3
2975 2
2976 0
2977 2
2978 3
2979 2
2980 1
2981 1
2982 1
2983 4
2984 2
2985 1
2986 1
2987 4
2988 3
2989 1
2990 1
2991 2
2992 3
2993 1
2994 1
2995 3
2996 0
2997 2
2998 2
2999 1
3000 1
3001 2
3002 0
3003 3
3004 0
3005 3
3006 2
3007 1
3008 3
3009 1
3010 2
3011 2
3012 1
3013 4
3014 3
3015 1
3016 2
3017 2
3018 2
3019 3
3020 2
3021 2
3022 1
3023 2
3024 1
3025 1
3026 2
3027 3
3028 2
3029 0
3030 1
3031 2
3032 2
3033 2
3034 4
3035 0
3036 1
3037 1
3038 2
3039 2
3040 2
3041 2
3042 0
3043 2
3044 1
3045 2
3046 4
3047 1
3048 2
3049 4
3050 3
3051 1
3052 3
3053 1
3054 2
3055 2
3056 3
3057 4
3058 0
3059 3
3060 4
3061 3
3062 0
3063 4
3064 1
3065 1
3066 4
3067 4
3068 4
3069 2
3070 4
3071 0
3072 3
3073 1
3074 3
3075 3
3076 4
3077 4
3078 4
3079 0
3080 4
3081 4
3082 2
3083 4
3084 1
3085 4
3086 4
3087 4
3088 4
3089 0
3090 1
3091 4
3092 3
3093 4
3094 4
3095 1
3096 2
3097 4
3098 4
3099 2
3100 4
3101 4
3102 2
3103 4
3104 4
3105 1
3106 2
3107 3
3108 0
3109 2
3110 2
3111 2
3112 2
3113 4
3114 0
3115 2
3116 4
3117 4
3118 3
3119 4
3120 1
3121 3
3122 4
3123 1
3124 1
3125 0
3126 2
3127 2
3128 0
3129 1
3130 0
3131 2
3132 4
3133 1
3134 1
3135 3
3136 4
3137 3
3138 2
3139 3
3140 4
3141 0
3142 4
3143 2
3144 0
3145 4
3146 2
3147 1
3148 3
3149 2
3150 0
3151 2
3152 2
3153 4
3154 4
3155 1
3156 4
3157 4
3158 4
3159 3
3160 4
3161 1
3162 0
3163 1
3164 4
3165 4
3166 1
3167 2
3168 2
3169 4
3170 2
3171 3
3172 1
3173 3
3174 2
3175 4
3176 4
3177 1
3178 0
3179 4
3180 4
3181 2
3182 4
3183 0
3184 3
3185 1
3186 2
3187 4
3188 3
3189 1
3190 4
3191 4
3192 3
3193 1
3194 4
3195 4
3196 0
3197 4
3198 4
3199 3
3200 3
3201 4
3202 4
3203 4
3204 2
3205 0
3206 0
3207 4
3208 4
3209 4
3210 4
3211 1
3212 4
3213 2
3214 4
3215 4
3216 1
3217 4
3218 0
3219 3
3220 4
3221 4
3222 1
3223 1
3224 3
3225 3
3226 4
3227 4
3228 2
3229 4
3230 3
3231 4
3232 4
3233 4
3234 3
3235 4
3236 2
3237 2
3238 2
3239 2
3240 1
3241 2
3242 1
3243 1
3244 2
3245 2
3246 1
3247 2
3248 3
3249 2
3250 3
3251 1
3252 0
3253 2
3254 1
3255 1
3256 1
3257 4
3258 1
3259 2
3260 3
3261 3
3262 3
3263 3
3264 3
3265 3
3266 3
3267 1
3268 0
3269 1
3270 1
3271 2
3272 2
3273 2
3274 0
3275 4
3276 2
3277 3
3278 2
3279 0
3280 0
3281 1
3282 2
3283 1
3284 1
3285 2
3286 1
3287 2
3288 2
3289 1
3290 1
3291 0
3292 1
3293 1
3294 2
3295 1
3296 2
3297 1
3298 2
3299 2
3300 2
3301 3
3302 1
3303 1
3304 3
3305 2
3306 2
3307 0
3308 2
3309 1
3310 1
3311 1
3312 1
3313 1
3314 1
3315 1
3316 3
3317 1
3318 1
3319 1
3320 2
3321 1
3322 3
3323 3
3324 1
3325 3
3326 2
3327 1
3328 1
3329 1
3330 2
3331 1
3332 1
3333 1
3334 1
3335 0
3336 1
3337 0
3338 3
3339 0
3340 2
3341 3
3342 0
3343 0
3344 3
3345 1
3346 4
3347 2
3348 1
3349 4
3350 0
3351 2
3352 0
3353 3
3354 2
3355 2
3356 2
3357 2
3358 2
3359 2
3360 2
3361 0
3362 2
3363 1
3364 1
3365 1
3366 3
3367 0
3368 2
3369 2
3370 3
3371 1
3372 1
3373 1
3374 1
3375 1
3376 2
3377 4
3378 2
3379 3
3380 1
3381 2
3382 1
3383 1
3384 1
3385 0
3386 2
3387 2
3388 2
3389 3
3390 0
3391 4
3392 0
3393 2
3394 0
3395 0
3396 1
3397 2
3398 2
3399 1
3400 3
3401 0
3402 2
3403 4
3404 2
3405 1
3406 2
3407 0
3408 3
3409 2
3410 1
3411 1
3412 2
3413 1
3414 2
3415 2
3416 1
3417 2
3418 1
3419 1
3420 3
3421 4
3422 4
3423 1
3424 3
3425 3
3426 1
3427 1
3428 2
3429 3
3430 1
3431 1
3432 1
3433 1
3434 0
3435 0
3436 2
3437 2
3438 1
3439 1
3440 2
3441 2
3442 2
3443 1
3444 1
3445 2
3446 1
3447 2
3448 1
3449 1
3450 1
3451 3
3452 1
3453 3
3454 0
3455 1
3456 0
3457 2
3458 1
3459 3
3460 1
3461 2
3462 2
3463 1
3464 0
3465 2
3466 1
3467 1
3468 3
3469 2
3470 3
3471 2
3472 2
3473 2
3474 1
3475 2
3476 0
3477 3
3478 2
3479 2
3480 2
3481 2
3482 1
3483 1
3484 0
3485 1
3486 3
3487 1
3488 1
3489 1
3490 1
3491 1
3492 1
3493 1
3494 2
3495 1
3496 1
3497 2
3498 1
3499 0
3500 2
3501 1
3502 1
3503 2
3504 1
3505 2
3506 1
3507 3
3508 0
3509 3
3510 2
3511 1
3512 2
3513 0
3514 2
3515 1
3516 3
3517 0
3518 3
3519 2
3520 1
3521 3
3522 0
3523 1
3524 1
3525 1
3526 1
3527 2
3528 0
3529 0
3530 1
3531 2
3532 2
3533 0
3534 0
3535 1
3536 1
3537 1
3538 0
3539 1
3540 1
3541 0
3542 2
3543 3
3544 2
3545 1
3546 2
3547 2
3548 1
3549 2
3550 2
3551 1
3552 1
3553 1
3554 1
3555 3
3556 1
3557 1
3558 0
3559 2
3560 1
3561 0
3562 1
3563 1
3564 1
3565 2
3566 1
3567 1
3568 1
3569 1
3570 3
3571 3
3572 3
3573 2
3574 2
3575 1
3576 2
3577 4
3578 1
3579 1
3580 2
3581 1
3582 2
3583 1
3584 1
3585 4
3586 1
3587 0
3588 1
3589 1
3590 1
3591 2
3592 1
3593 0
3594 1
3595 2
3596 2
3597 1
3598 2
3599 3
3600 2
3601 3
3602 0
3603 2
3604 1
3605 1
3606 0
3607 1
3608 3
3609 0
3610 1
3611 1
3612 2
3613 2
3614 1
3615 0
3616 3
3617 1
3618 2
3619 3
3620 1
3621 1
3622 3
3623 0
3624 1
3625 1
3626 1
3627 2
3628 3
3629 3
3630 2
3631 2
3632 1
3633 3
3634 1
3635 3
3636 1
3637 3
3638 2
3639 2
3640 1
3641 2
3642 1
3643 1
3644 1
3645 1
3646 3
3647 2
3648 1
3649 1
3650 1
3651 1
3652 2
3653 1
3654 3
3655 1
3656 3
3657 0
3658 2
3659 1
3660 1
3661 1
3662 1
3663 3
3664 1
3665 1
3666 1
3667 3
3668 1
3669 1
3670 2
3671 2
3672 0
3673 1
3674 1
3675 1
3676 1
3677 1
3678 2
3679 1
3680 1
3681 2
3682 4
3683 1
3684 4
3685 3
3686 4
3687 2
3688 4
3689 1
3690 2
3691 0
3692 0
3693 4
3694 4
3695 4
3696 1
3697 2
3698 1
3699 1
3700 1
3701 4
3702 0
3703 3
3704 4
3705 4
3706 4
3707 3
3708 4
3709 4
3710 0
3711 1
3712 4
3713 1
3714 3
3715 4
3716 3
3717 4
3718 2
3719 1
3720 2
3721 1
3722 3
3723 2
3724 2
3725 2
3726 4
3727 4
3728 4
3729 3
3730 4
3731 3
3732 4
3733 4
3734 4
3735 1
3736 4
3737 4
3738 4
3739 4
3740 4
3741 1
3742 3
3743 4
3744 4
3745 0
3746 2
3747 3
3748 2
3749 0
3750 4
3751 4
3752 3
3753 2
3754 3
3755 4
3756 4
3757 4
3758 2
3759 4
3760 3
3761 1
3762 3
3763 4
3764 4
3765 1
3766 4
3767 2
3768 4
3769 1
3770 4
3771 4
3772 4
3773 4
3774 2
3775 4
3776 2
3777 2
3778 3
3779 4
3780 2
3781 2
3782 4
3783 2
3784 3
3785 2
3786 4
3787 0
3788 4
3789 0
3790 1
3791 0
3792 4
3793 4
3794 3
3795 3
3796 0
3797 2
3798 2
3799 1
3800 4
3801 4
3802 0
3803 4
3804 4
3805 0
3806 0
3807 2
3808 1
3809 3
3810 4
3811 4
3812 1
3813 2
3814 2
3815 4
3816 2
3817 1
3818 4
3819 0
3820 3
3821 1
3822 4
3823 2
3824 4
3825 1
3826 2
3827 1
3828 0
3829 3
3830 4
3831 2
3832 2
3833 0
3834 4
3835 4
3836 0
3837 4
3838 0
3839 0
3840 4
3841 1
3842 4
3843 4
3844 4
3845 2
3846 4
3847 4
3848 3
3849 4
3850 0
3851 0
3852 4
3853 1
3854 2
3855 1
3856 0
3857 1
3858 1
3859 2
3860 0
3861 0
3862 3
3863 2
3864 1
3865 3
3866 1
3867 2
3868 1
3869 1
3870 1
3871 3
3872 1
3873 2
3874 1
3875 0
3876 2
3877 0
3878 0
3879 2
3880 2
3881 4
3882 2
3883 2
3884 1
3885 1
3886 1
3887 1
3888 0
3889 1
3890 2
3891 3
3892 2
3893 1
3894 3
3895 1
3896 1
3897 1
3898 3
3899 1
3900 3
3901 3
3902 4
3903 2
3904 2
3905 3
3906 1
3907 1
3908 3
3909 1
3910 1
3911 1
3912 2
3913 1
3914 1
3915 3
3916 4
3917 1
3918 0
3919 1
3920 3
3921 0
3922 1
3923 1
3924 1
3925 0
3926 1
3927 4
3928 2
3929 2
3930 0
3931 1
3932 2
3933 2
3934 1
3935 2
3936 3
3937 1
3938 1
3939 3
3940 1
3941 3
3942 3
3943 3
3944 1
3945 3
3946 3
3947 0
3948 1
3949 1
3950 1
3951 2
3952 2
3953 1
3954 1
3955 0
3956 1
3957 1
3958 1
3959 3
3960 1
3961 1
3962 1
3963 1
3964 0
3965 1
3966 3
3967 0
3968 1
3969 2
3970 0
3971 1
3972 1
3973 1
3974 1
3975 2
3976 2
3977 1
3978 3
3979 1
3980 1
3981 1
3982 2
3983 1
3984 0
3985 2
3986 1
3987 2
3988 3
3989 1
3990 2
3991 2
3992 1
3993 2
3994 1
3995 3
3996 4
3997 1
3998 1
3999 1
4000 2
4001 1
4002 1
4003 0
4004 2
4005 2
4006 2
4007 2
4008 0
4009 3
4010 1
4011 3
4012 1
4013 1
4014 1
4015 2
4016 3
4017 1
4018 0
4019 4
4020 2
4021 1
4022 1
4023 1
4024 1
4025 1
4026 1
4027 1
4028 2
4029 2
4030 1
4031 2
4032 2
4033 3
4034 1
4035 1
4036 1
4037 1
4038 1
4039 3
4040 2
4041 1
4042 2
4043 1
4044 3
4045 2
4046 2
4047 3
4048 3
4049 2
4050 1
4051 1
4052 2
4053 1
4054 3
4055 1
4056 2
4057 1
4058 2
4059 2
4060 0
4061 1
4062 1
4063 2
4064 0
4065 3
4066 3
4067 1
4068 1
4069 3
4070 1
4071 2
4072 1
4073 2
4074 3
4075 2
4076 1
4077 0
4078 2
4079 0
4080 1
4081 1
4082 0
4083 1
4084 3
4085 1
4086 2
4087 2
4088 3
4089 3
4090 0
4091 2
4092 3
4093 0
4094 1
4095 3
4096 3
4097 1
4098 2
4099 3
4100 1
4101 1
4102 1
4103 1
4104 1
4105 2
4106 1
4107 1
4108 1
4109 2
4110 1
4111 1
4112 1
4113 2
4114 1
4115 2
4116 4
4117 0
4118 1
4119 0
4120 2
4121 4
4122 2
4123 1
4124 1
4125 1
4126 1
4127 1
4128 2
4129 2
4130 1
4131 2
4132 1
4133 1
4134 2
4135 0
4136 2
4137 3
4138 2
4139 4
4140 0
4141 3
4142 2
4143 1
4144 1
4145 4
4146 3
4147 2
4148 3
4149 1
4150 1
4151 3
4152 1
4153 3
4154 0
4155 3
4156 3
4157 2
4158 3
4159 3
4160 3
4161 3
4162 1
4163 3
4164 0
4165 3
4166 0
4167 0
4168 3
4169 1
4170 2
4171 1
4172 3
4173 3
4174 3
4175 3
4176 3
4177 0
4178 0
4179 0
4180 0
4181 0
4182 2
4183 1
4184 0
4185 3
4186 0
4187 2
4188 0
4189 1
4190 0
4191 0
4192 0
4193 0
4194 0
4195 0
4196 0
4197 0
4198 1
4199 0
4200 0
4201 0
4202 0
4203 2
4204 2
4205 3
4206 3
4207 3
4208 2
4209 3
4210 3
4211 3
4212 1
4213 3
4214 2
4215 3
4216 2
4217 2
4218 2
4219 2
4220 0
4221 2
4222 3
4223 3
4224 3
4225 1
4226 3
4227 3
4228 3
4229 3
4230 3
4231 3
4232 0
4233 3
4234 2
4235 3
4236 0
4237 2
4238 0
4239 3
4240 3
4241 2
4242 3
4243 1
4244 3
4245 3
4246 3
4247 3
4248 3
4249 3
4250 3
4251 2
4252 3
4253 1
4254 1
4255 3
4256 2
4257 0
4258 1
4259 2
4260 2
4261 2
4262 0
4263 2
4264 2
4265 1
4266 1
4267 3
4268 3
4269 1
4270 3
4271 3
4272 1
4273 3
4274 3
4275 3
4276 0
4277 3
4278 2
4279 3
4280 2
4281 3
4282 3
4283 3
4284 0
4285 3
4286 1
4287 2
4288 3
4289 3
4290 3
4291 2
4292 0
4293 0
4294 0
4295 0
4296 3
4297 0
4298 0
4299 2
4300 0
4301 0
4302 0
4303 0
4304 1
4305 0
4306 0
4307 0
4308 0
4309 0
4310 0
4311 0
4312 2
4313 0
4314 2
4315 0
4316 1
4317 3
4318 0
4319 3
4320 3
4321 3
4322 2
4323 3
4324 3
4325 1
4326 2
4327 3
4328 3
4329 3
4330 0
4331 3
4332 1
4333 1
4334 3
4335 1
4336 1
4337 3
4338 3
4339 0
4340 1
4341 2
4342 1
4343 1
4344 0
4345 1
4346 0
4347 1
4348 0
4349 2
4350 2
4351 2
4352 1
4353 2
4354 2
4355 1
4356 1
4357 4
4358 1
4359 0
4360 2
4361 1
4362 0
4363 1
4364 2
4365 2
4366 4
4367 0
4368 3
4369 1
4370 1
4371 2
4372 1
4373 1
4374 3
4375 2
4376 2
4377 1
4378 0
4379 0
4380 1
4381 2
4382 2
4383 1
4384 1
4385 1
4386 3
4387 0
4388 0
4389 2
4390 3
4391 2
4392 3
4393 1
4394 1
4395 1
4396 1
4397 1
4398 0
4399 1
4400 1
4401 1
4402 1
4403 2
4404 0
4405 1
4406 1
4407 1
4408 2
4409 1
4410 1
4411 1
4412 2
4413 2
4414 0
4415 1
4416 2
4417 1
4418 1
4419 1
4420 3
4421 2
4422 1
4423 1
4424 1
4425 1
4426 1
4427 0
4428 1
4429 1
4430 0
4431 1
4432 1
4433 1
4434 2
4435 1
4436 1
4437 2
4438 1
4439 2
4440 1
4441 0
4442 1
4443 1
4444 2
4445 1
4446 2
4447 2
4448 2
4449 1
4450 2
4451 2
4452 1
4453 1
4454 2
4455 3
4456 0
4457 3
4458 2
4459 1
4460 1
4461 1
4462 1
4463 1
4464 1
4465 1
4466 0
4467 1
4468 2
4469 3
4470 2
4471 1
4472 2
4473 2
4474 2
4475 0
4476 2
4477 2
4478 2
4479 3
4480 1
4481 2
4482 1
4483 3
4484 4
4485 3
4486 2
4487 2
4488 1
4489 1
4490 2
4491 2
4492 2
4493 0
4494 3
4495 2
4496 1
4497 2
4498 1
4499 2
4500 0
4501 2
4502 2
4503 2
4504 1
4505 1
4506 0
4507 1
4508 2
4509 0
4510 3
4511 2
4512 1
4513 2
4514 1
4515 1
4516 2
4517 1
4518 1
4519 1
4520 2
4521 1
4522 1
4523 2
4524 1
4525 1
4526 1
4527 0
4528 1
4529 0
4530 4
4531 0
4532 2
4533 2
4534 4
4535 1
4536 1
4537 0
4538 1
4539 0
4540 1
4541 1
4542 1
4543 2
4544 1
4545 1
4546 1
4547 2
4548 2
4549 2
4550 1
4551 3
4552 1
4553 1
4554 3
4555 3
4556 3
4557 2
4558 2
4559 2
4560 2
4561 1
4562 1
4563 1
4564 4
4565 0
4566 1
4567 1
4568 1
4569 1
4570 0
4571 1
4572 1
4573 1
4574 1
4575 2
4576 1
4577 0
4578 3
4579 2
4580 2
4581 2
4582 2
4583 2
4584 2
4585 0
4586 1
4587 1
4588 3
4589 2
4590 1
4591 1
4592 2
4593 3
4594 1
4595 0
4596 3
4597 3
4598 0
4599 3
4600 1
4601 2
4602 1
4603 1
4604 0
4605 2
4606 2
4607 2
4608 1
4609 0
4610 3
4611 4
4612 4
4613 2
4614 4
4615 4
4616 2
4617 4
4618 1
4619 1
4620 4
4621 2
4622 3
4623 4
4624 4
4625 4
4626 4
4627 0
4628 4
4629 3
4630 0
4631 3
4632 4
4633 4
4634 4
4635 4
4636 4
4637 2
4638 1
4639 4
4640 0
4641 0
4642 1
4643 4
4644 2
4645 4
4646 4
4647 4
4648 3
4649 4
4650 0
4651 3
4652 0
4653 4
4654 1
4655 4
4656 1
4657 1
4658 3
4659 4
4660 3
4661 0
4662 4
4663 0
4664 1
4665 4
4666 3
4667 4
4668 4
4669 2
4670 3
4671 0
4672 4
4673 1
4674 2
4675 4
4676 4
4677 4
4678 4
4679 2
4680 2
4681 3
4682 2
4683 4
4684 0
4685 4
4686 0
4687 0
4688 4
4689 0
4690 4
4691 4
4692 4
4693 4
4694 1
4695 4
4696 4
4697 1
4698 4
4699 0
4700 4
4701 3
4702 3
4703 1
4704 1
4705 0
4706 4
4707 4
4708 1
4709 3
4710 1
4711 1
4712 1
4713 4
4714 4
4715 3
4716 0
4717 4
4718 1
4719 1
4720 2
4721 1
4722 1
4723 1
4724 4
4725 3
4726 1
4727 4
4728 4
4729 1
4730 2
4731 1
4732 2
4733 0
4734 3
4735 4
4736 2
4737 4
4738 3
4739 4
4740 3
4741 1
4742 3
4743 4
4744 0
4745 0
4746 3
4747 1
4748 2
4749 4
4750 3
4751 0
4752 1
4753 4
4754 4
4755 2
4756 4
4757 3
4758 4
4759 2
4760 4
4761 3
4762 1
4763 4
4764 2
4765 4
4766 2
4767 1
4768 4
4769 2
4770 0
4771 3
4772 1
4773 2
4774 4
4775 0
4776 4
4777 4
4778 3
4779 4
4780 1
4781 4
4782 4
4783 0
4784 1
4785 1
4786 4
4787 4
4788 3
4789 0
4790 4
4791 2
4792 4
4793 3
4794 1
4795 4
4796 4
4797 3
4798 4
4799 3
4800 2
4801 4
4802 0
4803 2
4804 4
4805 4
4806 4
4807 3
4808 4
4809 1
4810 3
4811 3
4812 1
4813 3
4814 1
4815 4
4816 2
4817 3
4818 0
4819 4
4820 3
4821 4
4822 4
4823 0
4824 4
4825 4
4826 1
4827 4
4828 3
4829 4
4830 1
4831 2
4832 3
4833 4
4834 2
4835 0
4836 3
4837 4
4838 1
4839 2
4840 2
4841 3
4842 1
4843 2
4844 1
4845 1
4846 1
4847 0
4848 4
4849 0
4850 3
4851 1
4852 4
4853 1
4854 1
4855 1
4856 4
4857 4
4858 4
4859 0
4860 4
4861 0
4862 1
4863 0
4864 2
4865 3
4866 4
4867 4
4868 1
4869 3
4870 4
4871 1
4872 4
4873 0
4874 4
4875 1
4876 3
4877 4
4878 4
4879 3
4880 0
4881 4
4882 0
4883 1
4884 1
4885 0
4886 3
4887 3
4888 2
4889 2
4890 4
4891 4
4892 4
4893 0
4894 1
4895 4
4896 1
4897 1
4898 2
4899 4
4900 3
4901 0
4902 4
4903 1
4904 3
4905 0
4906 3
4907 4
4908 2
4909 4
4910 4
4911 0
4912 4
4913 1
4914 4
4915 3
4916 2
4917 3
4918 1
4919 1
4920 0
4921 4
4922 1
4923 4
4924 0
4925 4
4926 0
4927 2
4928 0
4929 0
4930 3
4931 3
4932 4
4933 4
4934 1
4935 4
4936 1
4937 4
4938 4
4939 4
4940 4
4941 4
4942 4
4943 2
4944 4
4945 3
4946 3
4947 4
4948 3
4949 0
4950 0
4951 3
4952 4
4953 3
4954 4
4955 4
4956 4
4957 0
4958 0
4959 3
4960 0
4961 2
4962 2
4963 1
4964 2
4965 0
4966 1
4967 1
4968 4
4969 1
4970 1
4971 0
4972 0
4973 4
4974 3
4975 3
4976 1
4977 4
4978 3
4979 1
4980 1
4981 2
4982 2
4983 4
4984 2
4985 1
4986 0
4987 3
4988 0
4989 3
4990 3
4991 3
4992 0
4993 1
4994 4
4995 4
4996 4
4997 1
4998 4
4999 2
5000 4
5001 4
5002 1
5003 4
5004 4
5005 4
5006 1
5007 4
5008 4
5009 1
5010 1
5011 1
5012 3
5013 3
5014 0
5015 3
5016 0
5017 1
5018 4
5019 4
5020 4
5021 1
5022 4
5023 3
5024 2
5025 4
5026 4
5027 4
5028 3
5029 1
5030 2
5031 4
5032 0
5033 1
5034 4
5035 4
5036 4
5037 4
5038 4
5039 2
5040 1
5041 4
5042 3
5043 4
5044 1
5045 2
5046 0
5047 3
5048 0
5049 4
5050 4
5051 4
5052 1
5053 4
5054 0
5055 0
5056 4
5057 0
5058 1
5059 4
5060 4
5061 3
5062 4
5063 3
5064 0
5065 4
5066 1
5067 3
5068 2
5069 4
5070 1
5071 0
5072 0
5073 2
5074 3
5075 4
5076 0
5077 1
5078 0
5079 4
5080 3
5081 4
5082 4
5083 4
5084 1
5085 0
5086 4
5087 4
5088 4
5089 4
5090 0
5091 3
5092 1
5093 4
5094 0
5095 4
5096 2
5097 4
5098 1
5099 4
5100 1
5101 2
5102 4
5103 4
5104 0
5105 4
5106 3
5107 0
5108 4
5109 1
5110 4
5111 3
5112 4
5113 0
5114 1
5115 1
5116 4
5117 1
5118 2
5119 3
5120 4
5121 3
5122 3
5123 0
5124 2
5125 4
5126 3
5127 0
5128 3
5129 1
5130 0
5131 1
5132 4
5133 3
5134 4
5135 4
5136 3
5137 4
5138 4
5139 1
5140 1
5141 0
5142 3
5143 0
5144 4
5145 0
5146 2
5147 4
5148 0
5149 0
5150 4
5151 2
5152 3
5153 4
5154 4
5155 4
5156 4
5157 4
5158 4
5159 4
5160 1
5161 2
5162 0
5163 0
5164 4
5165 1
5166 4
5167 1
5168 4
5169 2
5170 4
5171 4
5172 2
5173 1
5174 1
5175 0
5176 0
5177 2
5178 4
5179 4
5180 4
5181 1
5182 3
5183 2
5184 4
5185 4
5186 4
5187 0
5188 0
5189 1
5190 0
5191 0
5192 4
5193 0
5194 3
5195 2
5196 4
5197 4
5198 1
5199 4
5200 3
5201 3
5202 1
5203 0
5204 3
5205 0
5206 4
5207 2
5208 4
5209 4
5210 2
5211 2
5212 3
5213 4
5214 2
5215 3
5216 4
5217 4
5218 1
5219 2
5220 2
5221 3
5222 4
5223 4
5224 4
5225 4
5226 4
5227 3
5228 3
5229 0
5230 3
5231 0
5232 0
5233 1
5234 2
5235 2
5236 4
5237 4
5238 4
5239 2
5240 3
5241 2
5242 4
5243 4
5244 1
5245 4
5246 4
5247 4
5248 2
5249 2
5250 4
5251 4
5252 4
5253 1
5254 0
5255 2
5256 1
5257 0
5258 4
5259 4
5260 4
5261 0
5262 0
5263 4
5264 4
5265 4
5266 3
5267 2
5268 4
5269 0
5270 2
5271 3
5272 1
5273 3
5274 1
5275 3
5276 3
5277 4
5278 0
5279 4
5280 2
5281 0
5282 4
5283 4
5284 1
5285 0
5286 4
5287 4
5288 1
5289 3
5290 1
5291 4
5292 1
5293 1
5294 3
5295 1
5296 4
5297 2
5298 4
5299 4
5300 1
5301 2
5302 1
5303 4
5304 4
5305 1
5306 4
5307 4
5308 4
5309 4
5310 4
5311 4
5312 3
5313 3
5314 3
5315 4
5316 3
5317 4
5318 3
5319 0
5320 2
5321 3
5322 0
5323 4
5324 4
5325 4
5326 4
5327 4
5328 4
5329 1
5330 4
5331 4
5332 4
5333 0
5334 3
5335 4
5336 4
5337 4
5338 2
5339 0
5340 4
5341 4
5342 3
5343 0
5344 3
5345 2
5346 4
5347 4
5348 3
5349 4
5350 4
5351 4
5352 3
5353 4
5354 4
5355 1
5356 0
5357 4
5358 3
5359 1
5360 4
5361 4
5362 0
5363 0
5364 4
5365 2
5366 0
5367 4
5368 3
5369 1
5370 3
5371 3
5372 0
5373 3
5374 0
5375 3
5376 3
5377 0
5378 0
5379 1
5380 1
5381 3
5382 3
5383 2
5384 3
5385 0
5386 0
5387 1
5388 1
5389 2
5390 3
5391 3
5392 3
5393 3
5394 3
5395 3
5396 3
5397 3
5398 3
5399 1
5400 3
5401 3
5402 0
5403 2
5404 2
5405 2
5406 2
5407 1
5408 2
5409 0
5410 2
5411 3
5412 3
5413 3
5414 3
5415 3
5416 3
5417 3
5418 1
5419 2
5420 0
5421 3
5422 2
5423 2
5424 2
5425 3
5426 3
5427 1
5428 3
5429 1
5430 3
5431 2
5432 3
5433 2
5434 1
5435 2
5436 1
5437 0
5438 2
5439 2
5440 2
5441 2
5442 2
5443 1
5444 0
5445 3
5446 2
5447 3
5448 1
5449 2
5450 4
5451 1
5452 3
5453 3
5454 3
5455 1
5456 0
5457 0
5458 0
5459 0
5460 0
5461 3
5462 0
5463 0
5464 0
5465 0
5466 0
5467 0
5468 0
5469 0
5470 0
5471 0
5472 0
5473 0
5474 0
5475 3
5476 0
5477 0
5478 3
5479 3
5480 3
5481 3
5482 3
5483 3
5484 3
5485 3
5486 3
5487 3
5488 3
5489 3
5490 3
5491 3
5492 0
5493 1
5494 1
5495 3
5496 1
5497 3
5498 0
5499 1
5500 2
5501 0
5502 0
5503 1
5504 3
5505 3
5506 3
5507 1
5508 1
5509 1
5510 3
5511 0
5512 1
5513 3
5514 0
5515 1
5516 3
5517 3
5518 0
5519 3
5520 3
5521 3
5522 3
5523 2
5524 2
5525 2
5526 2
5527 2
5528 0
5529 3
5530 3
5531 3
5532 3
5533 1
5534 2
5535 3
5536 1
5537 3
5538 3
5539 3
5540 3
5541 1
5542 3
5543 2
5544 2
5545 2
5546 2
5547 2
5548 1
5549 1
5550 1
5551 3
5552 3
5553 1
5554 0
5555 3
5556 2
5557 3
5558 3
5559 3
5560 2
5561 4
5562 1
5563 3
5564 1
5565 3
5566 3
5567 2
5568 2
5569 3
5570 3
5571 2
5572 2
5573 2
5574 3
5575 2
5576 2
5577 2
5578 2
5579 3
5580 2
5581 0
5582 3
5583 3
5584 3
5585 3
5586 1
5587 3
5588 2
5589 3
5590 3
5591 1
5592 0
5593 3
5594 1
5595 3
5596 3
5597 3
5598 3
5599 1
5600 1
5601 3
5602 3
5603 0
5604 2
5605 2
5606 2
5607 2
5608 0
5609 2
5610 2
5611 2
5612 2
5613 2
5614 2
5615 3
5616 3
5617 2
5618 3
5619 0
5620 2
5621 0
5622 0
5623 0
5624 0
5625 2
5626 0
5627 0
5628 0
5629 0
5630 4
5631 0
5632 0
5633 0
5634 0
5635 2
5636 2
5637 0
5638 0
5639 0
5640 0
5641 0
5642 0
5643 0
5644 0
5645 4
5646 3
5647 2
5648 2
5649 0
5650 2
5651 0
5652 3
5653 2
5654 2
5655 2
5656 3
5657 0
5658 2
5659 2
5660 0
5661 3
5662 2
5663 1
5664 3
5665 2
5666 3
5667 0
5668 0
5669 3
5670 3
5671 0
5672 0
5673 3
5674 3
5675 0
5676 3
5677 3
5678 1
5679 0
5680 3
5681 2
5682 3
5683 1
5684 2
5685 2
5686 2
5687 2
5688 2
5689 2
5690 2
5691 0
5692 0
5693 2
5694 2
5695 2
5696 2
5697 2
5698 2
5699 2
5700 0
5701 2
5702 2
5703 0
5704 3
5705 2
5706 2
5707 0
5708 2
5709 2
5710 2
5711 2
5712 2
5713 1
5714 3
5715 3
5716 2
5717 3
5718 3
5719 2
5720 0
5721 1
5722 3
5723 3
5724 1
5725 3
5726 3
5727 0
5728 3
5729 3
5730 1
5731 3
5732 0
5733 3
5734 3
5735 1
5736 3
5737 1
5738 2
5739 1
5740 2
5741 0
5742 0
5743 0
5744 2
5745 2
5746 2
5747 2
5748 0
5749 2
5750 2
5751 2
5752 0
5753 2
5754 2
5755 2
5756 2
5757 1
5758 2
5759 2
5760 2
5761 2
5762 2
5763 2
5764 2
5765 2
5766 3
5767 3
5768 3
5769 0
5770 3
5771 3
5772 3
5773 3
5774 3
5775 3
5776 3
5777 3
5778 3
5779 3
5780 3
5781 3
5782 3
5783 3
5784 0
5785 1
5786 3
5787 3
5788 3
5789 2
5790 3
5791 3
5792 3
5793 3
5794 1
5795 3
5796 0
5797 0
5798 1
5799 3
5800 3
5801 2
5802 2
5803 1
5804 3
5805 0
5806 1
5807 3
5808 3
5809 3
5810 0
5811 2
5812 2
5813 2
5814 2
5815 2
5816 2
5817 2
5818 1
5819 0
5820 2
5821 0
5822 2
5823 2
5824 1
5825 2
5826 2
5827 0
5828 2
5829 2
5830 2
5831 2
5832 2
5833 2
5834 2
5835 2
5836 2
5837 3
5838 3
5839 2
5840 3
5841 3
5842 2
5843 3
5844 0
5845 3
5846 3
5847 3
5848 0
5849 1
5850 3
5851 3
5852 3
5853 3
5854 3
5855 1
5856 3
5857 2
5858 3
5859 1
5860 3
5861 3
5862 3
5863 3
5864 4
5865 1
5866 1
5867 1
5868 3
5869 1
5870 0
5871 0
5872 2
5873 3
5874 1
5875 2
5876 3
5877 3
5878 3
5879 1
5880 3
5881 3
5882 3
5883 0
5884 3
5885 3
5886 1
5887 1
5888 2
5889 2
5890 2
5891 2
5892 2
5893 2
5894 2
5895 2
5896 2
5897 2
5898 2
5899 2
5900 2
5901 2
5902 2
5903 2
5904 3
5905 1
5906 2
5907 2
5908 2
5909 2
5910 0
5911 2
5912 1
5913 2
5914 2
5915 0
5916 2
5917 2
5918 2
5919 2
5920 3
5921 3
5922 3
5923 3
5924 0
5925 0
5926 0
5927 0
5928 1
5929 0
5930 0
5931 0
5932 0
5933 0
5934 0
5935 0
5936 0
5937 0
5938 0
5939 0
5940 0
5941 3
5942 2
5943 0
5944 0
5945 0
5946 0
5947 1
5948 3
5949 3
5950 0
5951 3
5952 0
5953 2
5954 3
5955 1
5956 3
5957 3
5958 3
5959 2
5960 2
5961 2
5962 2
5963 2
5964 3
5965 2
5966 2
5967 0
5968 2
5969 0
5970 2
5971 2
5972 2
5973 2
5974 2
5975 2
5976 2
5977 2
5978 3
5979 2
5980 2
5981 2
5982 2
5983 2
5984 3
5985 3
5986 2
5987 2
5988 0
5989 3
5990 3
5991 3
5992 4
5993 3
5994 3
5995 1
5996 3
5997 3
5998 3
5999 1
6000 0
6001 3
6002 1
6003 3
6004 1
6005 2
6006 3
6007 3
6008 3
6009 3
6010 3
6011 4
6012 3
6013 4
6014 2
6015 3
6016 3
6017 3
6018 3
6019 3
6020 0
6021 3
6022 3
6023 2
6024 3
6025 3
6026 3
6027 3
6028 3
6029 3
6030 3
6031 1
6032 3
6033 3
6034 3
6035 4
6036 2
6037 1
6038 3
6039 3
6040 0
6041 3
6042 3
6043 1
6044 3
6045 2
6046 0
6047 2
6048 2
6049 2
6050 0
6051 3
6052 2
6053 2
6054 4
6055 2
6056 2
6057 2
6058 0
6059 2
6060 2
6061 2
6062 2
6063 2
6064 0
6065 2
6066 0
6067 1
6068 1
6069 2
6070 2
6071 2
6072 2
6073 2
6074 3
6075 0
6076 0
6077 3
6078 3
6079 2
6080 2
6081 2
6082 2
6083 3
6084 2
6085 2
6086 1
6087 3
6088 2
6089 0
6090 2
6091 2
6092 2
6093 2
6094 3
6095 1
6096 3
6097 3
6098 1
6099 3
6100 2
6101 3
6102 3
6103 3
6104 3
6105 1
6106 3
6107 1
6108 2
6109 1
6110 2
6111 2
6112 1
6113 4
6114 3
6115 1
6116 1
6117 1
6118 0
6119 2
6120 2
6121 4
6122 2
6123 1
6124 2
6125 1
6126 2
6127 2
6128 2
6129 2
6130 2
6131 1
6132 2
6133 1
6134 1
6135 1
6136 2
6137 1
6138 1
6139 3
6140 0
6141 4
6142 1
6143 2
6144 1
6145 1
6146 1
6147 2
6148 2
6149 1
6150 1
6151 0
6152 2
6153 3
6154 3
6155 1
6156 1
6157 1
6158 1
6159 1
6160 0
6161 2
6162 1
6163 2
6164 4
6165 2
6166 2
6167 1
6168 1
6169 1
6170 3
6171 2
6172 3
6173 1
6174 1
6175 1
6176 1
6177 0
6178 2
6179 2
6180 2
6181 4
6182 1
6183 1
6184 3
6185 0
6186 3
6187 2
6188 0
6189 1
6190 3
6191 1
6192 3
6193 1
6194 3
6195 1
6196 1
6197 1
6198 3
6199 2
6200 1
6201 1
6202 3
6203 1
6204 3
6205 2
6206 0
6207 2
6208 1
6209 1
6210 3
6211 2
6212 1
6213 1
6214 1
6215 0
6216 2
6217 2
6218 1
6219 0
6220 3
6221 1
6222 2
6223 2
6224 1
6225 3
6226 1
6227 0
6228 1
6229 1
6230 1
6231 3
6232 1
6233 3
6234 1
6235 2
6236 1
6237 1
6238 1
6239 1
6240 4
6241 0
6242 0
6243 1
6244 3
6245 1
6246 2
6247 3
6248 2
6249 0
6250 1
6251 1
6252 2
6253 1
6254 2
6255 1
6256 3
6257 3
6258 3
6259 1
6260 3
6261 0
6262 1
6263 2
6264 2
6265 1
6266 1
6267 0
6268 4
6269 1
6270 1
6271 1
6272 0
6273 2
6274 0
6275 1
6276 2
6277 1
6278 1
6279 1
6280 3
6281 2
6282 2
6283 2
6284 2
6285 2
6286 2
6287 1
6288 0
6289 2
6290 1
6291 1
6292 1
6293 3
6294 3
6295 1
6296 1
6297 1
6298 1
6299 2
6300 2
6301 2
6302 1
6303 0
6304 1
6305 1
6306 3
6307 1
6308 1
6309 2
6310 2
6311 2
6312 2
6313 1
6314 2
6315 1
6316 3
6317 1
6318 1
6319 3
6320 1
6321 3
6322 1
6323 2
6324 2
6325 2
6326 2
6327 3
6328 1
6329 2
6330 1
6331 2
6332 1
6333 1
6334 0
6335 1
6336 1
6337 3
6338 1
6339 1
6340 1
6341 1
6342 1
6343 0
6344 2
6345 1
6346 2
6347 2
6348 1
6349 1
6350 2
6351 1
6352 3
6353 4
6354 2
6355 1
6356 1
6357 3
6358 2
6359 1
6360 0
6361 1
6362 1
6363 3
6364 3
6365 2
6366 1
6367 0
6368 1
6369 1
6370 3
6371 3
6372 1
6373 2
6374 1
6375 1
6376 1
6377 2
6378 1
6379 2
6380 3
6381 2
6382 1
6383 3
6384 1
6385 1
6386 2
6387 2
6388 3
6389 1
6390 2
6391 2
6392 1
6393 1
6394 1
6395 2
6396 2
6397 1
6398 2
6399 2
6400 3
6401 1
6402 1
6403 2
6404 1
6405 2
6406 0
6407 0
6408 2
6409 0
6410 1
6411 1
6412 1
6413 2
6414 1
6415 2
6416 1
6417 2
6418 2
6419 1
6420 2
6421 2
6422 2
6423 4
6424 2
6425 1
6426 3
6427 2
6428 1
6429 3
6430 0
6431 2
6432 1
6433 1
6434 1
6435 3
6436 1
6437 2
6438 1
6439 1
6440 3
6441 1
6442 0
6443 1
6444 0
6445 1
6446 1
6447 1
6448 1
6449 2
6450 0
6451 4
6452 1
6453 3
6454 2
6455 1
6456 1
6457 1
6458 1
6459 1
6460 1
6461 3
6462 2
6463 1
6464 1
6465 1
6466 1
6467 1
6468 1
6469 1
6470 1
6471 1
6472 0
6473 2
6474 2
6475 1
6476 2
6477 1
6478 1
6479 1
6480 3
6481 1
6482 3
6483 1
6484 1
6485 1
6486 1
6487 3
6488 1
6489 3
6490 1
6491 1
6492 1
6493 1
6494 2
6495 1
6496 3
6497 3
6498 1
6499 1
6500 2
6501 2
6502 3
6503 3
6504 1
6505 2
6506 2
6507 0
6508 2
6509 2
6510 3
6511 3
6512 1
6513 1
6514 2
6515 0
6516 1
6517 1
6518 2
6519 1
6520 1
6521 2
6522 1
6523 3
6524 1
6525 1
6526 2
6527 1
6528 0
6529 1
6530 1
6531 1
6532 2
6533 1
6534 1
6535 2
6536 1
6537 2
6538 1
6539 1
6540 1
6541 3
6542 3
6543 3
6544 3
6545 1
6546 0
6547 3
6548 3
6549 3
6550 3
6551 1
6552 1
6553 3
6554 1
6555 1
6556 1
6557 1
6558 1
6559 3
6560 1
6561 1
6562 0
6563 0
6564 1
6565 1
6566 4
6567 2
6568 1
6569 2
6570 2
6571 1
6572 1
6573 0
6574 1
6575 1
6576 0
6577 1
6578 1
6579 4
6580 1
6581 3
6582 1
6583 1
6584 1
6585 1
6586 3
6587 1
6588 1
6589 2
6590 2
6591 1
6592 1
6593 2
6594 2
6595 3
6596 1
6597 0
6598 2
6599 1
6600 0
6601 1
6602 1
6603 1
6604 1
6605 2
6606 1
6607 2
6608 2
6609 1
6610 1
6611 3
6612 3
6613 1
6614 1
6615 1
6616 2
6617 1
6618 0
6619 1
6620 1
6621 1
6622 2
6623 1
6624 1
6625 1
6626 3
6627 0
6628 1
6629 3
6630 1
6631 1
6632 0
6633 1
6634 2
6635 2
6636 1
6637 0
6638 0
6639 2
6640 0
6641 1
6642 3
6643 1
6644 0
6645 1
6646 1
6647 3
6648 0
6649 1
6650 3
6651 4
6652 1
6653 3
6654 3
6655 2
6656 1
6657 3
6658 1
6659 1
6660 3
6661 1
6662 2
6663 3
6664 1
6665 2
6666 0
6667 1
6668 2
6669 1
6670 2
6671 0
6672 1
6673 1
6674 3
6675 2
6676 1
6677 1
6678 2
6679 3
6680 1
6681 2
6682 1
6683 1
6684 2
6685 0
6686 1
6687 1
6688 3
6689 1
6690 4
6691 1
6692 1
6693 3
6694 1
6695 3
6696 1
6697 3
6698 2
6699 1
6700 0
6701 2
6702 0
6703 3
6704 1
6705 4
6706 3
6707 2
6708 2
6709 3
6710 2
6711 1
6712 1
6713 2
6714 1
6715 2
6716 1
6717 1
6718 1
6719 1
6720 3
6721 1
6722 2
6723 1
6724 1
6725 2
6726 2
6727 0
6728 0
6729 1
6730 2
6731 1
6732 1
6733 3
6734 1
6735 1
6736 2
6737 3
6738 0
6739 1
6740 2
6741 0
6742 2
6743 1
6744 1
6745 3
6746 1
6747 1
6748 1
6749 1
6750 1
6751 3
6752 1
6753 1
6754 0
6755 1
6756 0
6757 1
6758 2
6759 2
6760 1
6761 0
6762 1
6763 1
6764 1
6765 2
6766 1
6767 3
6768 2
6769 2
6770 1
6771 1
6772 1
6773 1
6774 2
6775 1
6776 4
6777 3
6778 1
6779 1
6780 1
6781 1
6782 1
6783 1
6784 1
6785 3
6786 3
6787 2
6788 2
6789 3
6790 1
6791 1
6792 1
6793 1
6794 2
6795 1
6796 1
6797 1
6798 1
6799 3
6800 2
6801 2
6802 3
6803 0
6804 3
6805 2
6806 2
6807 1
6808 1
6809 2
6810 2
6811 2
6812 3
6813 1
6814 4
6815 3
6816 0
6817 2
6818 2
6819 1
6820 3
6821 0
6822 2
6823 4
6824 3
6825 1
6826 1
6827 1
6828 2
6829 1
6830 1
6831 1
6832 2
6833 1
6834 2
6835 1
6836 3
6837 3
6838 1
6839 0
6840 2
6841 0
6842 1
6843 2
6844 0
6845 1
6846 0
6847 0
6848 1
6849 1
6850 3
6851 0
6852 1
6853 1
6854 1
6855 1
6856 2
6857 1
6858 2
6859 2
6860 0
6861 3
6862 1
6863 1
6864 2
6865 2
6866 1
6867 3
6868 2
6869 1
6870 2
6871 1
6872 3
6873 2
6874 1
6875 1
6876 3
6877 0
6878 1
6879 1
6880 4
6881 3
6882 2
6883 1
6884 1
6885 2
6886 1
6887 2
6888 2
6889 3
6890 2
6891 1
6892 2
6893 2
6894 1
6895 3
6896 3
6897 1
6898 1
6899 1
6900 0
6901 2
6902 2
6903 1
6904 0
6905 1
6906 1
6907 0
6908 1
6909 3
6910 1
6911 3
6912 1
6913 2
6914 1
6915 2
6916 2
6917 1
6918 1
6919 1
6920 1
6921 0
6922 1
6923 1
6924 1
6925 0
6926 2
6927 3
6928 1
6929 0
6930 1
6931 0
6932 2
6933 1
6934 1
6935 1
6936 2
6937 3
6938 3
6939 1
6940 2
6941 1
6942 1
6943 1
6944 3
6945 2
6946 1
6947 1
6948 0
6949 2
6950 1
6951 0
6952 1
6953 1
6954 1
6955 1
6956 2
6957 1
6958 1
6959 1
6960 1
6961 1
6962 2
6963 1
6964 3
6965 3
6966 2
6967 1
6968 2
6969 1
6970 1
6971 1
6972 2
6973 1
6974 1
6975 1
6976 2
6977 1
6978 2
6979 1
6980 1
6981 2
6982 3
6983 1
6984 3
6985 3
6986 1
6987 1
6988 2
6989 0
6990 1
6991 2
6992 2
6993 2
6994 1
6995 3
6996 3
6997 0
6998 1
6999 0
7000 1
7001 2
7002 1
7003 0
7004 1
7005 1
7006 1
7007 1
7008 2
7009 1
7010 1
7011 1
7012 0
7013 1
7014 1
7015 0
7016 1
7017 1
7018 1
7019 1
7020 0
7021 2
7022 1
7023 1
7024 1
7025 1
7026 1
7027 1
7028 1
7029 1
7030 1
7031 1
7032 1
7033 1
7034 3
7035 2
7036 0
7037 1
7038 2
7039 1
7040 1
7041 1
7042 1
7043 1
7044 2
7045 3
7046 1
7047 1
7048 1
7049 3
7050 1
7051 3
7052 1
7053 1
7054 2
7055 1
7056 1
7057 1
7058 3
7059 1
7060 0
7061 3
7062 0
7063 1
7064 2
7065 2
7066 1
7067 2
7068 2
7069 2
7070 2
7071 1
7072 1
7073 0
7074 2
7075 4
7076 2
7077 0
7078 1
7079 1
7080 2
7081 1
7082 2
7083 2
7084 2
7085 0
7086 1
7087 0
7088 2
7089 0
7090 1
7091 1
7092 3
7093 2
7094 3
7095 2
7096 1
7097 3
7098 1
7099 1
7100 1
7101 1
7102 3
7103 0
7104 1
7105 2
7106 1
7107 2
7108 0
7109 1
7110 1
7111 4
7112 1
7113 1
7114 0
7115 2
7116 2
7117 1
7118 1
7119 1
7120 1
7121 0
7122 1
7123 1
7124 2
7125 2
7126 3
7127 0
7128 2
7129 1
7130 2
7131 1
7132 2
7133 0
7134 1
7135 4
7136 1
7137 2
7138 1
7139 1
7140 1
7141 3
7142 1
7143 1
7144 2
7145 1
7146 1
7147 1
7148 0
7149 1
7150 2
7151 1
7152 3
7153 1
7154 1
7155 0
7156 2
7157 2
7158 2
7159 1
7160 1
7161 1
7162 0
7163 1
7164 2
7165 1
7166 1
7167 1
7168 1
7169 1
7170 1
7171 2
7172 0
7173 2
7174 1
7175 2
7176 2
7177 3
7178 3
7179 4
7180 3
7181 1
7182 2
7183 1
7184 1
7185 2
7186 1
7187 1
7188 2
7189 3
7190 2
7191 1
7192 3
7193 1
7194 1
7195 4
7196 1
7197 2
7198 3
7199 3
7200 2
7201 0
7202 1
7203 3
7204 3
7205 1
7206 2
7207 1
7208 1
7209 1
7210 2
7211 1
7212 3
7213 1
7214 2
7215 1
7216 1
7217 1
7218 1
7219 1
7220 1
7221 1
7222 1
7223 2
7224 1
7225 2
7226 1
7227 1
7228 2
7229 1
7230 1
7231 2
7232 2
7233 1
7234 0
7235 2
7236 1
7237 1
7238 0
7239 2
7240 1
7241 1
7242 1
7243 3
7244 1
7245 1
7246 1
7247 0
7248 1
7249 1
7250 1
7251 1
7252 2
7253 1
7254 1
7255 3
7256 1
7257 1
7258 1
7259 2
7260 3
7261 2
7262 1
7263 1
7264 1
7265 2
7266 2
7267 0
7268 1
7269 2
7270 0
7271 1
7272 1
7273 1
7274 3
7275 1
7276 3
7277 0
7278 1
7279 2
7280 1
7281 2
7282 1
7283 1
7284 2
7285 2
7286 0
7287 1
7288 1
7289 1
7290 1
7291 1
7292 1
7293 3
7294 1
7295 3
7296 2
7297 1
7298 1
7299 2
7300 1
7301 2
7302 3
7303 1
7304 4
7305 1
7306 1
7307 2
7308 3
7309 1
7310 1
7311 1
7312 3
7313 1
7314 1
7315 3
7316 1
7317 1
7318 2
7319 1
7320 1
7321 1
7322 1
7323 1
7324 1
7325 1
7326 2
7327 1
7328 1
7329 1
7330 3
7331 0
7332 1
7333 1
7334 0
7335 0
7336 3
7337 2
7338 3
7339 0
7340 1
7341 1
7342 1
7343 2
7344 0
7345 2
7346 3
7347 1
7348 1
7349 1
7350 1
7351 2
7352 2
7353 3
7354 1
7355 1
7356 1
7357 2
7358 3
7359 3
7360 1
7361 1
7362 2
7363 1
7364 2
7365 1
7366 0
7367 2
7368 1
7369 1
7370 1
7371 2
7372 0
7373 1
7374 1
7375 0
7376 1
7377 2
7378 1
7379 3
7380 0
7381 0
7382 1
7383 3
7384 0
7385 2
7386 1
7387 1
7388 1
7389 1
7390 1
7391 2
7392 1
7393 3
7394 2
7395 2
7396 2
7397 2
7398 1
7399 0
7400 1
7401 1
7402 1
7403 1
7404 1
7405 1
7406 0
7407 1
7408 1
7409 2
7410 1
7411 1
7412 3
7413 1
7414 1
7415 2
7416 2
7417 4
7418 2
7419 1
7420 2
7421 3
7422 1
7423 0
7424 3
7425 2
7426 1
7427 1
7428 1
7429 1
7430 1
7431 1
7432 1
7433 3
7434 3
7435 1
7436 1
7437 2
7438 3
7439 3
7440 1
7441 1
7442 1
7443 3
7444 1
7445 1
7446 0
7447 2
7448 0
7449 1
7450 0
7451 0
7452 2
7453 1
7454 1
7455 1
7456 1
7457 3
7458 0
7459 3
7460 1
7461 0
7462 1
7463 2
7464 2
7465 1
7466 1
7467 1
7468 1
7469 1
7470 2
7471 0
7472 3
7473 1
7474 1
7475 1
7476 1
7477 2
7478 1
7479 2
7480 1
7481 2
7482 2
7483 1
7484 4
7485 1
7486 1
7487 1
7488 1
7489 1
7490 1
7491 1
7492 1
7493 1
7494 2
7495 2
7496 2
7497 1
7498 1
7499 1
7500 1
7501 1
7502 1
7503 2
7504 1
7505 2
7506 1
7507 2
7508 1
7509 1
7510 1
7511 0
7512 3
7513 2
7514 2
7515 1
7516 1
7517 3
7518 2
7519 1
7520 1
7521 1
7522 0
7523 1
7524 2
7525 4
7526 0
7527 1
7528 1
7529 3
7530 1
7531 1
7532 0
7533 1
7534 1
7535 1
7536 1
7537 0
7538 2
7539 2
7540 4
7541 0
7542 1
7543 1
7544 1
7545 1
7546 3
7547 1
7548 4
7549 3
7550 3
7551 1
7552 1
7553 1
7554 1
7555 2
7556 1
7557 4
7558 1
7559 4
7560 4
7561 0
7562 3
7563 1
7564 1
7565 4
7566 4
7567 4
7568 4
7569 0
7570 1
7571 1
7572 4
7573 4
7574 4
7575 4
7576 1
7577 3
7578 4
7579 1
7580 2
7581 4
7582 4
7583 0
7584 0
7585 0
7586 4
7587 4
7588 3
7589 1
7590 4
7591 1
7592 4
7593 1
7594 4
7595 4
7596 1
7597 2
7598 4
7599 3
7600 4
7601 0
7602 4
7603 3
7604 1
7605 3
7606 4
7607 1
7608 2
7609 4
7610 3
7611 4
7612 3
7613 4
7614 0
7615 4
7616 1
7617 2
7618 0
7619 4
7620 0
7621 4
7622 0
7623 3
7624 0
7625 4
7626 4
7627 0
7628 0
7629 4
7630 0
7631 2
7632 4
7633 0
7634 4
7635 1
7636 2
7637 4
7638 4
7639 3
7640 1
7641 4
7642 4
7643 4
7644 4
7645 0
7646 1
7647 3
7648 0
7649 4
7650 1
7651 4
7652 1
7653 4
7654 4
7655 0
7656 4
7657 1
7658 0
7659 4
7660 0
7661 2
7662 4
7663 0
7664 0
7665 0
7666 0
7667 4
7668 4
7669 0
7670 1
7671 1
7672 4
7673 3
7674 2
7675 0
7676 4
7677 4
7678 4
7679 1
7680 4
7681 4
7682 1
7683 4
7684 1
7685 3
7686 1
7687 1
7688 1
7689 4
7690 3
7691 4
7692 1
7693 3
7694 4
7695 1
7696 4
7697 1
7698 4
7699 4
7700 4
7701 4
7702 4
7703 4
7704 0
7705 4
7706 4
7707 3
7708 4
7709 1
7710 0
7711 3
7712 1
7713 4
7714 3
7715 4
7716 4
7717 4
7718 4
7719 4
7720 0
7721 3
7722 0
7723 3
7724 2
7725 0
7726 0
7727 3
7728 0
7729 4
7730 1
7731 2
7732 1
7733 4
7734 4
7735 0
7736 4
7737 0
7738 4
7739 4
7740 4
7741 4
7742 4
7743 0
7744 4
7745 1
7746 4
7747 4
7748 4
7749 4
7750 0
7751 1
7752 1
7753 1
7754 3
7755 0
7756 4
7757 0
7758 4
7759 4
7760 0
7761 3
7762 4
7763 4
7764 2
7765 1
7766 4
7767 0
7768 4
7769 4
7770 2
7771 2
7772 3
7773 0
7774 4
7775 4
7776 4
7777 4
7778 2
7779 0
7780 4
7781 1
7782 4
7783 2
7784 3
7785 4
7786 4
7787 4
7788 0
7789 4
7790 2
7791 4
7792 4
7793 4
7794 4
7795 4
7796 4
7797 1
7798 4
7799 2
7800 4
7801 1
7802 4
7803 3
7804 2
7805 2
7806 4
7807 3
7808 4
7809 4
7810 1
7811 0
7812 0
7813 4
7814 3
7815 3
7816 4
7817 4
7818 3
7819 4
7820 4
7821 4
7822 4
7823 2
7824 2
7825 0
7826 1
7827 3
7828 4
7829 2
7830 3
7831 4
7832 4
7833 4
7834 4
7835 2
7836 3
7837 2
7838 4
7839 4
7840 4
7841 4
7842 0
7843 4
7844 3
7845 4
7846 4
7847 4
7848 0
7849 4
7850 0
7851 4
7852 0
7853 2
7854 1
7855 4
7856 4
7857 4
7858 1
7859 0
7860 1
7861 4
7862 4
7863 4
7864 4
7865 4
7866 1
7867 0
7868 0
7869 2
7870 1
7871 4
7872 4
7873 3
7874 4
7875 0
7876 1
7877 2
7878 1
7879 1
7880 0
7881 3
7882 4
7883 2
7884 0
7885 4
7886 4
7887 1
7888 3
7889 1
7890 2
7891 3
7892 4
7893 4
7894 0
7895 1
7896 4
7897 4
7898 4
7899 1
7900 4
7901 2
7902 4
7903 2
7904 2
7905 2
7906 1
7907 4
7908 0
7909 4
7910 4
7911 4
7912 3
7913 2
7914 1
7915 0
7916 2
7917 3
7918 4
7919 4
7920 0
7921 3
7922 3
7923 1
7924 4
7925 3
7926 2
7927 0
7928 0
7929 0
7930 4
7931 1
7932 4
7933 4
7934 4
7935 1
7936 1
7937 4
7938 1
7939 2
7940 4
7941 3
7942 2
7943 3
7944 0
7945 3
7946 4
7947 1
7948 4
7949 0
7950 3
7951 4
7952 3
7953 3
7954 4
7955 0
7956 4
7957 4
7958 3
7959 2
7960 4
7961 1
7962 3
7963 0
7964 1
7965 2
7966 3
7967 3
7968 4
7969 4
7970 2
7971 4
7972 4
7973 1
7974 2
7975 4
7976 1
7977 0
7978 4
7979 2
7980 1
7981 2
7982 2
7983 0
7984 1
7985 0
7986 4
7987 1
7988 4
7989 0
7990 1
7991 3
7992 4
7993 1
7994 0
7995 1
7996 4
7997 1
7998 1
7999 0
8000 3
8001 1
8002 2
8003 1
8004 1
8005 4
8006 4
8007 4
8008 1
8009 1
8010 1
8011 1
8012 3
8013 0
8014 4
8015 4
8016 4
8017 2
8018 2
8019 4
8020 2
8021 4
8022 4
8023 2
8024 0
8025 0
8026 0
8027 4
8028 4
8029 4
8030 4
8031 4
8032 4
8033 0
8034 3
8035 4
8036 4
8037 4
8038 1
8039 0
8040 4
8041 3
8042 1
8043 3
8044 4
8045 1
8046 1
8047 4
8048 3
8049 4
8050 0
8051 3
8052 4
8053 4
8054 1
8055 3
8056 4
8057 3
8058 2
8059 4
8060 3
8061 3
8062 0
8063 2
8064 4
8065 3
8066 4
8067 0
8068 1
8069 0
8070 3
8071 4
8072 4
8073 4
8074 4
8075 1
8076 2
8077 0
8078 4
8079 2
8080 1
8081 3
8082 4
8083 3
8084 4
8085 4
8086 4
8087 1
8088 2
8089 4
8090 2
8091 3
8092 0
8093 4
8094 3
8095 1
8096 4
8097 3
8098 4
8099 4
8100 2
8101 2
8102 0
8103 0
8104 0
8105 0
8106 1
8107 2
8108 4
8109 3
8110 0
8111 4
8112 3
8113 1
8114 2
8115 0
8116 4
8117 3
8118 3
8119 3
8120 4
8121 2
8122 4
8123 1
8124 3
8125 3
8126 3
8127 3
8128 4
8129 3
8130 2
8131 1
8132 0
8133 3
8134 1
8135 4
8136 1
8137 3
8138 0
8139 2
8140 3
8141 3
8142 3
8143 4
8144 2
8145 3
8146 4
8147 4
8148 0
8149 3
8150 4
8151 3
8152 4
8153 4
8154 1
8155 4
8156 4
8157 3
8158 3
8159 2
8160 0
8161 0
8162 4
8163 0
8164 3
8165 2
8166 4
8167 3
8168 2
8169 4
8170 4
8171 0
8172 2
8173 0
8174 4
8175 1
8176 3
8177 4
8178 4
8179 4
8180 4
8181 1
8182 4
8183 2
8184 0
8185 0
8186 0
8187 4
8188 3
8189 0
8190 4
8191 3
8192 1
8193 4
8194 1
8195 2
8196 4
8197 1
8198 0
8199 2
8200 4
8201 0
8202 3
8203 2
8204 1
8205 3
8206 4
8207 0
8208 0
8209 1
8210 0
8211 3
8212 2
8213 2
8214 4
8215 0
8216 4
8217 1
8218 0
8219 4
8220 0
8221 4
8222 1
8223 1
8224 1
8225 4
8226 4
8227 0
8228 4
8229 4
8230 2
8231 3
8232 4
8233 3
8234 0
8235 3
8236 3
8237 1
8238 4
8239 4
8240 4
8241 3
8242 4
8243 4
8244 3
8245 3
8246 0
8247 4
8248 2
8249 3
8250 1
8251 0
8252 4
8253 3
8254 4
8255 1
8256 4
8257 4
8258 4
8259 1
8260 3
8261 4
8262 1
8263 1
8264 3
8265 4
8266 1
8267 4
8268 3
8269 0
8270 3
8271 4
8272 4
8273 1
8274 4
8275 2
8276 1
8277 3
8278 4
8279 3
8280 1
8281 2
8282 4
8283 3
8284 2
8285 0
8286 1
8287 4
8288 0
8289 1
8290 2
8291 1
8292 0
8293 3
8294 4
8295 4
8296 3
8297 4
8298 4
8299 2
8300 4
8301 1
8302 0
8303 3
8304 3
8305 1
8306 3
8307 0
8308 3
8309 3
8310 4
8311 3
8312 4
8313 3
8314 4
8315 4
8316 4
8317 3
8318 1
8319 3
8320 4
8321 4
8322 3
8323 1
8324 4
8325 2
8326 4
8327 0
8328 0
8329 4
8330 0
8331 0
8332 3
8333 4
8334 3
8335 0
8336 4
8337 3
8338 1
8339 1
8340 4
8341 0
8342 4
8343 1
8344 4
8345 3
8346 1
8347 3
8348 4
8349 1
8350 4
8351 4
8352 0
8353 4
8354 4
8355 4
8356 0
8357 2
8358 4
8359 0
8360 4
8361 4
8362 1
8363 3
8364 3
8365 1
8366 4
8367 4
8368 4
8369 3
8370 4
8371 4
8372 4
8373 4
8374 1
8375 4
8376 4
8377 1
8378 0
8379 4
8380 3
8381 4
8382 4
8383 4
8384 4
8385 0
8386 4
8387 0
8388 0
8389 3
8390 3
8391 3
8392 4
8393 4
8394 4
8395 0
8396 1
8397 1
8398 2
8399 2
8400 2
8401 3
8402 0
8403 1
8404 1
8405 2
8406 1
8407 1
8408 1
8409 1
8410 0
8411 2
8412 1
8413 2
8414 2
8415 1
8416 1
8417 2
8418 1
8419 2
8420 1
8421 1
8422 3
8423 2
8424 1
8425 1
8426 2
8427 3
8428 2
8429 3
8430 0
8431 2
8432 1
8433 1
8434 4
8435 1
8436 1
8437 1
8438 2
8439 2
8440 1
8441 1
8442 2
8443 2
8444 1
8445 1
8446 1
8447 1
8448 2
8449 0
8450 1
8451 0
8452 1
8453 1
8454 1
8455 2
8456 2
8457 2
8458 1
8459 2
8460 1
8461 1
8462 1
8463 2
8464 1
8465 1
8466 3
8467 3
8468 1
8469 2
8470 0
8471 3
8472 1
8473 0
8474 1
8475 1
8476 1
8477 1
8478 2
8479 2
8480 3
8481 1
8482 1
8483 1
8484 0
8485 0
8486 1
8487 0
8488 2
8489 1
8490 1
8491 2
8492 1
8493 0
8494 3
8495 0
8496 1
8497 1
8498 1
8499 2
8500 1
8501 3
8502 1
8503 3
8504 1
8505 1
8506 2
8507 3
8508 2
8509 2
8510 1
8511 3
8512 2
8513 0
8514 2
8515 2
8516 1
8517 1
8518 0
8519 1
8520 2
8521 1
8522 1
8523 3
8524 0
8525 1
8526 4
8527 3
8528 1
8529 1
8530 1
8531 1
8532 1
8533 1
8534 1
8535 1
8536 1
8537 4
8538 1
8539 1
8540 0
8541 2
8542 2
8543 2
8544 1
8545 1
8546 1
8547 1
8548 2
8549 1
8550 1
8551 2
8552 1
8553 4
8554 1
8555 1
8556 2
8557 1
8558 3
8559 4
8560 0
8561 2
8562 1
8563 4
8564 1
8565 1
8566 1
8567 2
8568 0
8569 2
8570 2
8571 3
8572 1
8573 1
8574 1
8575 2
8576 1
8577 1
8578 1
8579 3
8580 4
8581 1
8582 1
8583 1
8584 1
8585 2
8586 2
8587 1
8588 0
8589 1
8590 2
8591 0
8592 1
8593 1
8594 1
8595 1
8596 1
8597 3
8598 2
8599 1
8600 1
8601 1
8602 1
8603 1
8604 0
8605 3
8606 1
8607 3
8608 2
8609 1
8610 0
8611 1
8612 1
8613 3
8614 1
8615 1
8616 1
8617 2
8618 0
8619 1
8620 1
8621 3
8622 1
8623 2
8624 2
8625 2
8626 2
8627 1
8628 0
8629 1
8630 1
8631 1
8632 1
8633 2
8634 1
8635 1
8636 1
8637 3
8638 1
8639 1
8640 2
8641 1
8642 1
8643 1
8644 0
8645 1
8646 4
8647 2
8648 1
8649 1
8650 2
8651 1
8652 2
8653 0
8654 2
8655 1
8656 2
8657 2
8658 2
8659 1
8660 2
8661 3
8662 2
8663 2
8664 2
8665 2
8666 4
8667 1
8668 2
8669 2
8670 1
8671 0
8672 1
8673 0
8674 2
8675 1
8676 1
8677 1
8678 1
8679 1
8680 1
8681 2
8682 2
8683 1
8684 0
8685 1
8686 2
8687 1
8688 1
8689 1
8690 1
8691 0
8692 1
8693 3
8694 2
8695 2
8696 2
8697 2
8698 1
8699 0
8700 2
8701 2
8702 1
8703 1
8704 1
8705 1
8706 2
8707 1
8708 1
8709 3
8710 1
8711 2
8712 1
8713 1
8714 1
8715 1
8716 3
8717 1
8718 1
8719 3
8720 1
8721 1
8722 3
8723 1
8724 1
8725 2
8726 3
8727 2
8728 1
8729 1
8730 1
8731 1
8732 3
8733 1
8734 1
8735 3
8736 1
8737 3
8738 1
8739 3
8740 1
8741 1
8742 1
8743 3
8744 0
8745 1
8746 1
8747 3
8748 1
8749 2
8750 1
8751 1
8752 3
8753 2
8754 1
8755 2
8756 1
8757 1
8758 1
8759 1
8760 4
8761 2
8762 1
8763 1
8764 2
8765 1
8766 1
8767 1
8768 1
8769 2
8770 2
8771 0
8772 2
8773 1
8774 1
8775 1
8776 3
8777 1
8778 1
8779 2
8780 1
8781 0
8782 2
8783 1
8784 2
8785 2
8786 2
8787 1
8788 1
8789 1
8790 2
8791 1
8792 2
8793 2
8794 1
8795 3
8796 2
8797 1
8798 3
8799 1
8800 3
8801 1
8802 2
8803 1
8804 1
8805 1
8806 1
8807 2
8808 1
8809 0
8810 2
8811 2
8812 1
8813 1
8814 3
8815 1
8816 2
8817 1
8818 1
8819 1
8820 0
8821 3
8822 1
8823 3
8824 1
8825 1
8826 0
8827 1
8828 1
8829 1
8830 2
8831 3
8832 1
8833 1
8834 1
8835 1
8836 1
8837 1
8838 1
8839 0
8840 3
8841 3
8842 2
8843 2
8844 1
8845 2
8846 4
8847 1
8848 1
8849 4
8850 3
8851 1
8852 1
8853 1
8854 2
8855 1
8856 2
8857 1
8858 2
8859 1
8860 1
8861 1
8862 2
8863 1
8864 3
8865 1
8866 1
8867 0
8868 3
8869 2
8870 1
8871 2
8872 2
8873 2
8874 1
8875 1
8876 1
8877 2
8878 1
8879 2
8880 1
8881 1
8882 0
8883 0
8884 1
8885 1
8886 2
8887 2
8888 1
8889 3
8890 3
8891 3
8892 1
8893 2
8894 1
8895 4
8896 3
8897 1
8898 1
8899 1
8900 2
8901 0
8902 1
8903 1
8904 4
8905 1
8906 4
8907 4
8908 1
8909 3
8910 1
8911 1
8912 1
8913 1
8914 2
8915 0
8916 0
8917 2
8918 3
8919 1
8920 2
8921 1
8922 2
8923 1
8924 3
8925 1
8926 1
8927 1
8928 1
8929 3
8930 1
8931 3
8932 1
8933 3
8934 3
8935 1
8936 3
8937 3
8938 1
8939 0
8940 2
8941 3
8942 2
8943 2
8944 2
8945 3
8946 2
8947 1
8948 0
8949 2
8950 3
8951 1
8952 1
8953 1
8954 1
8955 1
8956 1
8957 2
8958 1
8959 1
8960 1
8961 1
8962 1
8963 1
8964 1
8965 1
8966 1
8967 1
8968 3
8969 2
8970 1
8971 2
8972 2
8973 3
8974 1
8975 1
8976 1
8977 1
8978 3
8979 2
8980 3
8981 0
8982 1
8983 2
8984 1
8985 1
8986 1
8987 2
8988 3
8989 4
8990 1
8991 3
8992 3
8993 1
8994 1
8995 3
8996 3
8997 1
8998 1
8999 0
9000 1
9001 2
9002 2
9003 2
9004 2
9005 1
9006 2
9007 1
9008 1
9009 1
9010 1
9011 1
9012 2
9013 2
9014 1
9015 2
9016 1
9017 1
9018 0
9019 1
9020 3
9021 2
9022 1
9023 2
9024 3
9025 1
9026 1
9027 2
9028 1
9029 3
9030 3
9031 2
9032 1
9033 1
9034 3
9035 2
9036 1
9037 1
9038 3
9039 0
9040 2
9041 1
9042 1
9043 1
9044 3
9045 0
9046 2
9047 1
9048 2
9049 1
9050 1
9051 3
9052 3
9053 1
9054 1
9055 1
9056 1
9057 2
9058 1
9059 0
9060 0
9061 3
9062 1
9063 1
9064 1
9065 2
9066 3
9067 2
9068 2
9069 3
9070 1
9071 3
9072 0
9073 2
9074 1
9075 2
9076 2
9077 1
9078 1
9079 1
9080 1
9081 1
9082 1
9083 1
9084 1
9085 0
9086 0
9087 0
9088 2
9089 0
9090 1
9091 3
9092 3
9093 1
9094 1
9095 2
9096 2
9097 1
9098 1
9099 0
9100 1
9101 1
9102 2
9103 3
9104 2
9105 1
9106 1
9107 3
9108 1
9109 0
9110 2
9111 3
9112 2
9113 3
9114 3
9115 1
9116 2
9117 0
9118 1
9119 3
9120 1
9121 1
9122 1
9123 2
9124 1
9125 1
9126 1
9127 1
9128 1
9129 3
9130 3
9131 1
9132 3
9133 3
9134 3
9135 2
9136 3
9137 1
9138 1
9139 0
9140 1
9141 2
9142 1
9143 1
9144 1
9145 2
9146 1
9147 2
9148 1
9149 2
9150 2
9151 1
9152 1
9153 1
9154 1
9155 1
9156 2
9157 2
9158 1
9159 1
9160 1
9161 2
9162 1
9163 1
9164 2
9165 1
9166 1
9167 1
9168 2
9169 1
9170 1
9171 2
9172 1
9173 2
9174 2
9175 1
9176 0
9177 2
9178 3
9179 3
9180 1
9181 1
9182 3
9183 1
9184 2
9185 1
9186 0
9187 1
9188 1
9189 1
9190 1
9191 2
9192 2
9193 1
9194 2
9195 1
9196 1
9197 1
9198 1
9199 2
9200 1
9201 1
9202 2
9203 1
9204 1
9205 0
9206 1
9207 1
9208 1
9209 1
9210 3
9211 3
9212 2
9213 1
9214 2
9215 1
9216 2
9217 1
9218 1
9219 1
9220 2
9221 1
9222 1
9223 1
9224 0
9225 1
9226 1
9227 3
9228 3
9229 1
9230 2
9231 1
9232 1
9233 3
9234 2
9235 0
9236 1
9237 1
9238 2
9239 1
9240 3
9241 1
9242 4
9243 1
9244 2
9245 0
9246 3
9247 1
9248 2
9249 1
9250 1
9251 3
9252 1
9253 2
9254 3
9255 3
9256 1
9257 2
9258 4
9259 0
9260 2
9261 1
9262 1
9263 2
9264 3
9265 2
9266 1
9267 1
9268 2
9269 2
9270 2
9271 2
9272 0
9273 3
9274 2
9275 2
9276 1
9277 1
9278 4
9279 2
9280 3
9281 1
9282 3
9283 2
9284 2
9285 1
9286 1
9287 3
9288 1
9289 3
9290 1
9291 2
9292 0
9293 1
9294 1
9295 1
9296 2
9297 1
9298 0
9299 2
9300 2
9301 1
9302 1
9303 1
9304 3
9305 1
9306 3
9307 1
9308 0
9309 0
9310 3
9311 1
9312 1
9313 1
9314 1
9315 2
9316 1
9317 1
9318 1
9319 3
9320 1
9321 1
9322 2
9323 2
9324 2
9325 3
9326 3
9327 0
9328 1
9329 1
9330 3
9331 1
9332 1
9333 1
9334 1
9335 1
9336 2
9337 1
9338 1
9339 3
9340 4
9341 1
9342 1
9343 3
9344 1
9345 1
9346 1
9347 3
9348 0
9349 1
9350 1
9351 2
9352 2
9353 3
9354 1
9355 1
9356 1
9357 3
9358 3
9359 1
9360 3
9361 1
9362 1
9363 2
9364 0
9365 2
9366 1
9367 2
9368 3
9369 2
9370 1
9371 1
9372 1
9373 1
9374 3
9375 1
9376 0
9377 0
9378 1
9379 1
9380 1
9381 1
9382 2
9383 0
9384 2
9385 1
9386 4
9387 0
9388 1
9389 2
9390 3
9391 3
9392 2
9393 2
9394 2
9395 3
9396 2
9397 2
9398 1
9399 1
9400 1
9401 2
9402 2
9403 0
9404 1
9405 1
9406 1
9407 1
9408 1
9409 3
9410 3
9411 1
9412 0
9413 1
9414 3
9415 1
9416 1
9417 1
9418 1
9419 0
9420 2
9421 0
9422 1
9423 2
9424 2
9425 1
9426 1
9427 1
9428 3
9429 4
9430 1
9431 3
9432 1
9433 1
9434 2
9435 1
9436 1
9437 1
9438 0
9439 1
9440 3
9441 1
9442 1
9443 1
9444 3
9445 3
9446 2
9447 1
9448 1
9449 2
9450 3
9451 1
9452 1
9453 4
9454 3
9455 4
9456 1
9457 1
9458 2
9459 1
9460 1
9461 2
9462 0
9463 1
9464 4
9465 1
9466 1
9467 1
9468 1
9469 2
9470 2
9471 2
9472 0
9473 1
9474 1
9475 0
9476 0
9477 1
9478 3
9479 2
9480 1
9481 1
9482 1
9483 1
9484 2
9485 1
9486 1
9487 1
9488 1
9489 1
9490 4
9491 1
9492 1
9493 1
9494 1
9495 3
9496 1
9497 2
9498 1
9499 2
9500 3
9501 1
9502 1
9503 0
9504 1
9505 1
9506 2
9507 1
9508 1
9509 1
9510 1
9511 1
9512 2
9513 1
9514 1
9515 1
9516 1
9517 3
9518 1
9519 1
9520 1
9521 1
9522 1
9523 1
9524 3
9525 2
9526 1
9527 2
9528 2
9529 1
9530 3
9531 3
9532 0
9533 3
9534 1
9535 1
9536 2
9537 1
9538 1
9539 1
9540 3
9541 2
9542 1
9543 1
9544 1
9545 1
9546 1
9547 3
9548 3
9549 1
9550 1
9551 1
9552 1
9553 1
9554 4
9555 1
9556 1
9557 1
9558 1
9559 1
9560 1
9561 1
9562 1
9563 1
9564 1
9565 1
9566 2
9567 3
9568 0
9569 1
9570 3
9571 2
9572 1
9573 1
9574 2
9575 1
9576 1
9577 3
9578 1
9579 1
9580 1
9581 1
9582 0
9583 3
9584 1
9585 1
9586 0
9587 1
9588 2
9589 2
9590 2
9591 0
9592 1
9593 1
9594 2
9595 2
9596 1
9597 1
9598 1
9599 1
9600 1
9601 1
9602 0
9603 4
9604 1
9605 1
9606 2
9607 1
9608 1
9609 1
9610 2
9611 1
9612 2
9613 1
9614 1
9615 1
9616 2
9617 2
9618 3
9619 2
9620 2
9621 1
9622 1
9623 3
9624 1
9625 1
9626 2
9627 1
9628 1
9629 1
9630 1
9631 2
9632 1
9633 1
9634 1
9635 1
9636 1
9637 2
9638 1
9639 0
9640 0
9641 1
9642 1
9643 3
9644 2
9645 1
9646 0
9647 2
9648 1
9649 1
9650 1
9651 2
9652 3
9653 1
9654 1
9655 3
9656 0
9657 1
9658 1
9659 3
9660 1
9661 3
9662 1
9663 1
9664 1
9665 1
9666 1
9667 0
9668 1
9669 1
9670 1
9671 3
9672 0
9673 1
9674 1
9675 1
9676 2
9677 1
9678 0
9679 4
9680 0
9681 1
9682 3
9683 3
9684 3
9685 0
9686 1
9687 2
9688 1
9689 1
9690 1
9691 4
9692 1
9693 3
9694 1
9695 1
9696 1
9697 0
9698 1
9699 1
9700 1
9701 1
9702 0
9703 1
9704 1
9705 1
9706 1
9707 1
9708 2
9709 1
9710 1
9711 0
9712 1
9713 0
9714 2
9715 1
9716 0
9717 1
9718 1
9719 0
9720 3
9721 1
9722 1
9723 2
9724 1
9725 1
9726 1
9727 0
9728 1
9729 3
9730 1
9731 0
9732 3
9733 1
9734 1
9735 3
9736 3
9737 1
9738 0
9739 0
9740 0
9741 4
9742 0
9743 1
9744 1
9745 1
9746 3
9747 2
9748 1
9749 2
9750 2
9751 2
9752 1
9753 1
9754 2
9755 2
9756 3
9757 1
9758 1
9759 0
9760 1
9761 1
9762 3
9763 1
9764 4
9765 1
9766 2
9767 1
9768 1
9769 3
9770 3
9771 1
9772 1
9773 1
9774 1
9775 0
9776 0
9777 1
9778 3
9779 1
9780 1
9781 0
9782 1
9783 2
9784 1
9785 1
9786 1
9787 1
9788 1
9789 1
9790 3
9791 3
9792 3
9793 3
9794 2
9795 0
9796 1
9797 2
9798 1
9799 2
9800 1
9801 3
9802 1
9803 1
9804 3
9805 2
9806 1
9807 1
9808 1
9809 1
9810 3
9811 0
9812 1
9813 3
9814 1
9815 1
9816 1
9817 1
9818 2
9819 0
9820 4
9821 3
9822 3
9823 1
9824 0
9825 0
9826 1
9827 2
9828 1
9829 1
9830 1
9831 2
9832 0
9833 0
9834 1
9835 2
9836 2
9837 2
9838 1
9839 3
9840 1
9841 1
9842 1
9843 1
9844 1
9845 0
9846 3
9847 1
9848 1
9849 1
9850 0
9851 1
9852 1
9853 1
9854 1
9855 1
9856 0
9857 1
9858 2
9859 3
9860 1
9861 2
9862 2
9863 1
9864 1
9865 3
9866 0
9867 1
9868 3
9869 1
9870 1
9871 0
9872 2
9873 3
9874 1
9875 1
9876 3
9877 1
9878 1
9879 1
9880 1
9881 2
9882 2
9883 1
9884 2
9885 1
9886 1
9887 1
9888 2
9889 1
9890 1
9891 3
9892 1
9893 1
9894 1
9895 1
9896 1
9897 1
9898 4
9899 1
9900 3
9901 1
9902 1
9903 4
9904 1
9905 1
9906 1
9907 1
9908 1
9909 2
9910 2
9911 1
9912 1
9913 3
9914 2
9915 1
9916 1
9917 1
9918 1
9919 3
9920 3
9921 0
9922 2
9923 0
9924 1
9925 2
9926 1
9927 4
9928 2
9929 4
9930 3
9931 4
9932 3
9933 1
9934 4
9935 4
9936 4
9937 2
9938 4
9939 4
9940 4
9941 4
9942 4
9943 1
9944 4
9945 1
9946 4
9947 1
9948 1
9949 4
9950 0
9951 4
9952 4
9953 4
9954 4
9955 3
9956 1
9957 3
9958 0
9959 0
9960 3
9961 3
9962 3
9963 1
9964 1
9965 3
9966 4
9967 4
9968 2
9969 4
9970 3
9971 4
9972 4
9973 4
9974 0
9975 4
9976 4
9977 0
9978 4
9979 0
9980 4
9981 2
9982 3
9983 4
9984 2
9985 4
9986 4
9987 0
9988 0
9989 4
9990 2
9991 1
9992 4
9993 2
9994 3
9995 1
9996 4
9997 1
9998 3
9999 4
10000 1
10001 3
10002 3
10003 4
10004 1
10005 2
10006 0
10007 2
10008 4
10009 1
10010 1
10011 4
10012 1
10013 2
10014 2
10015 4
10016 3
10017 3
10018 3
10019 2
10020 2
10021 2
10022 4
10023 4
10024 4
10025 0
10026 4
10027 0
10028 0
10029 4
10030 4
10031 3
10032 2
10033 1
10034 0
10035 0
10036 0
10037 1
10038 4
10039 4
10040 0
10041 4
10042 1
10043 3
10044 4
10045 2
10046 1
10047 2
10048 1
10049 1
10050 4
10051 2
10052 3
10053 4
10054 4
10055 0
10056 2
10057 4
10058 4
10059 2
10060 4
10061 4
10062 1
10063 3
10064 1
10065 1
10066 4
10067 4
10068 0
10069 0
10070 3
10071 4
10072 4
10073 4
10074 2
10075 4
10076 4
10077 0
10078 1
10079 3
10080 4
10081 4
10082 0
10083 3
10084 0
10085 4
10086 2
10087 0
10088 2
10089 0
10090 4
10091 4
10092 4
10093 2
10094 1
10095 0
10096 2
10097 3
10098 4
10099 4
10100 1
10101 0
10102 3
10103 3
10104 3
10105 4
10106 4
10107 4
10108 0
10109 4
10110 0
10111 4
10112 0
10113 3
10114 4
10115 4
10116 4
10117 3
10118 4
10119 0
10120 1
10121 4
10122 4
10123 4
10124 0
10125 1
10126 2
10127 2
10128 4
10129 4
10130 3
10131 4
10132 0
10133 3
10134 4
10135 3
10136 3
10137 4
10138 1
10139 2
10140 3
10141 4
10142 4
10143 1
10144 3
10145 1
10146 1
10147 2
10148 3
10149 1
10150 3
10151 4
10152 3
10153 4
10154 3
10155 1
10156 1
10157 1
10158 3
10159 3
10160 0
10161 2
10162 2
10163 2
10164 2
10165 3
10166 4
10167 0
10168 2
10169 1
10170 3
10171 4
10172 0
10173 4
10174 4
10175 4
10176 0
10177 4
10178 2
10179 4
10180 1
10181 4
10182 4
10183 4
10184 3
10185 0
10186 0
10187 4
10188 2
10189 2
10190 4
10191 3
10192 2
10193 3
10194 4
10195 1
10196 4
10197 4
10198 4
10199 4
10200 0
10201 4
10202 2
10203 4
10204 4
10205 1
10206 4
10207 4
10208 1
10209 4
10210 4
10211 2
10212 1
10213 4
10214 1
10215 1
10216 4
10217 4
10218 3
10219 4
10220 0
10221 0
10222 2
10223 1
10224 4
10225 0
10226 1
10227 1
10228 0
10229 3
10230 4
10231 4
10232 3
10233 1
10234 4
10235 4
10236 3
10237 1
10238 2
10239 4
10240 1
10241 4
10242 4
10243 2
10244 4
10245 2
10246 3
10247 1
10248 4
10249 4
10250 2
10251 0
10252 3
10253 2
10254 3
10255 3
10256 4
10257 1
10258 4
10259 2
10260 0
10261 4
10262 2
10263 4
10264 2
10265 2
10266 4
10267 2
10268 3
10269 2
10270 3
10271 4
10272 2
10273 1
10274 4
10275 4
10276 4
10277 2
10278 1
10279 0
10280 3
10281 1
10282 0
10283 3
10284 4
10285 2
10286 4
10287 4
10288 4
10289 3
10290 2
10291 1
10292 3
10293 3
10294 4
10295 0
10296 4
10297 2
10298 0
10299 1
10300 0
10301 0
10302 0
10303 0
10304 1
10305 2
10306 0
10307 4
10308 3
10309 3
10310 1
10311 3
10312 1
10313 3
10314 3
10315 4
10316 0
10317 2
10318 2
10319 2
10320 0
10321 2
10322 1
10323 1
10324 2
10325 0
10326 3
10327 4
10328 0
10329 0
10330 3
10331 3
10332 2
10333 1
10334 3
10335 2
10336 4
10337 2
10338 3
10339 1
10340 2
10341 2
10342 4
10343 4
10344 4
10345 1
10346 4
10347 2
10348 4
10349 1
10350 3
10351 0
10352 4
10353 1
10354 1
10355 4
10356 4
10357 4
10358 0
10359 1
10360 4
10361 4
10362 4
10363 3
10364 1
10365 2
10366 4
10367 3
10368 0
10369 1
10370 0
10371 4
10372 1
10373 4
10374 0
10375 4
10376 0
10377 4
10378 0
10379 4
10380 4
10381 4
10382 2
10383 4
10384 3
10385 3
10386 4
10387 0
10388 2
10389 2
10390 4
10391 1
10392 2
10393 1
10394 4
10395 4
10396 2
10397 4
10398 4
10399 1
10400 1
10401 4
10402 4
10403 4
10404 1
10405 4
10406 2
10407 1
10408 2
10409 1
10410 4
10411 3
10412 3
10413 3
10414 4
10415 4
10416 4
10417 0
10418 3
10419 2
10420 2
10421 4
10422 1
10423 3
10424 4
10425 3
10426 2
10427 1
10428 4
10429 4
10430 2
10431 0
10432 4
10433 1
10434 1
10435 4
10436 0
10437 4
10438 4
10439 1
10440 2
10441 2
10442 2
10443 3
10444 0
10445 4
10446 2
10447 4
10448 1
10449 0
10450 3
10451 1
10452 1
10453 2
10454 4
10455 0
10456 4
10457 4
10458 1
10459 4
10460 2
10461 4
10462 1
10463 2
10464 2
10465 0
10466 2
10467 4
10468 0
10469 2
10470 0
10471 4
10472 4
10473 4
10474 4
10475 3
10476 1
10477 0
10478 0
10479 3
10480 1
10481 0
10482 3
10483 3
10484 4
10485 4
10486 1
10487 4
10488 1
10489 0
10490 1
10491 4
10492 1
10493 1
10494 3
10495 3
10496 1
10497 3
10498 0
10499 0
10500 0
10501 3
10502 4
10503 0
10504 0
10505 3
10506 3
10507 4
10508 3
10509 0
10510 2
10511 4
10512 4
10513 3
10514 4
10515 2
10516 4
10517 2
10518 1
10519 1
10520 4
10521 3
10522 4
10523 4
10524 0
10525 2
10526 2
10527 2
10528 2
10529 1
10530 4
10531 0
10532 2
10533 2
10534 2
10535 4
10536 4
10537 1
10538 0
10539 4
10540 0
10541 2
10542 3
10543 4
10544 4
10545 0
10546 4
10547 1
10548 1
10549 4
10550 1
10551 2
10552 2
10553 0
10554 0
10555 2
10556 0
10557 1
10558 4
10559 2
10560 0
10561 3
10562 1
10563 0
10564 1
10565 0
10566 3
10567 0
10568 1
10569 4
10570 1
10571 2
10572 2
10573 3
10574 3
10575 3
10576 1
10577 3
10578 3
10579 3
10580 3
10581 4
10582 1
10583 0
10584 1
10585 2
10586 1
10587 4
10588 4
10589 2
10590 2
10591 4
10592 1
10593 4
10594 2
10595 1
10596 4
10597 0
10598 4
10599 0
10600 1
10601 1
10602 3
10603 2
10604 2
10605 0
10606 2
10607 4
10608 2
10609 1
10610 0
10611 4
10612 3
10613 3
10614 0
10615 1
10616 1
10617 1
10618 4
10619 2
10620 1
10621 2
10622 2
10623 2
10624 1
10625 0
10626 3
10627 1
10628 1
10629 1
10630 1
10631 4
10632 4
10633 2
10634 2
10635 1
10636 3
10637 1
10638 0
10639 4
10640 1
10641 0
10642 1
10643 3
10644 1
10645 0
10646 3
10647 1
10648 4
10649 2
10650 2
10651 3
10652 3
10653 4
10654 1
10655 2
10656 3
10657 2
10658 3
10659 1
10660 3
10661 3
10662 3
10663 1
10664 4
10665 3
10666 3
10667 4
10668 4
10669 3
